The system is: Linux - 4.18.0-348.7.1.el8_5.x86_64 - x86_64
Compiling the C compiler identification source file "CMakeCCompilerId.c" succeeded.
Compiler: /opt/anaconda3/bin/x86_64-conda-linux-gnu-cc 
Build flags: -march=nocona;-mtune=haswell;-ftree-vectorize;-fPIC;-fstack-protector-strong;-fno-plt;-O2;-ffunction-sections;-pipe;-isystem;/opt/anaconda3/include
Id flags:  

The output was:
0


Compilation of the C compiler identification source "CMakeCCompilerId.c" produced "a.out"

The C compiler identification is GNU, found in "/home/team-10/split/CMakeFiles/3.20.2/CompilerIdC/a.out"

Compiling the CXX compiler identification source file "CMakeCXXCompilerId.cpp" succeeded.
Compiler: /opt/anaconda3/bin/x86_64-conda-linux-gnu-c++ 
Build flags: -fvisibility-inlines-hidden;-std=c++17;-fmessage-length=0;-march=nocona;-mtune=haswell;-ftree-vectorize;-fPIC;-fstack-protector-strong;-fno-plt;-O2;-ffunction-sections;-pipe;-isystem;/opt/anaconda3/include
Id flags:  

The output was:
0


Compilation of the CXX compiler identification source "CMakeCXXCompilerId.cpp" produced "a.out"

The CXX compiler identification is GNU, found in "/home/team-10/split/CMakeFiles/3.20.2/CompilerIdCXX/a.out"

Detecting C compiler ABI info compiled with the following output:
Change Dir: /home/team-10/split/CMakeFiles/CMakeTmp

Run Build Command(s):/usr/bin/gmake -f Makefile cmTC_643bb/fast && /usr/bin/gmake  -f CMakeFiles/cmTC_643bb.dir/build.make CMakeFiles/cmTC_643bb.dir/build
gmake[1]: Entering directory '/home/team-10/split/CMakeFiles/CMakeTmp'
Building C object CMakeFiles/cmTC_643bb.dir/CMakeCCompilerABI.c.o
/opt/anaconda3/bin/x86_64-conda-linux-gnu-cc   -march=nocona -mtune=haswell -ftree-vectorize -fPIC -fstack-protector-strong -fno-plt -O2 -ffunction-sections -pipe -isystem /opt/anaconda3/include    -v -o CMakeFiles/cmTC_643bb.dir/CMakeCCompilerABI.c.o -c /usr/share/cmake/Modules/CMakeCCompilerABI.c
Reading specs from /opt/anaconda3/bin/../lib/gcc/x86_64-conda-linux-gnu/9.3.0/specs
COLLECT_GCC=/opt/anaconda3/bin/x86_64-conda-linux-gnu-cc
Target: x86_64-conda-linux-gnu
Configured with: /home/builder/ktietz/cos6/ci_cos6/ctng-compilers_1622658800915/work/.build/x86_64-conda-linux-gnu/src/gcc/configure --build=x86_64-build_pc-linux-gnu --host=x86_64-build_pc-linux-gnu --target=x86_64-conda-linux-gnu --prefix=/home/builder/ktietz/cos6/ci_cos6/ctng-compilers_1622658800915/work/gcc_built --with-sysroot=/home/builder/ktietz/cos6/ci_cos6/ctng-compilers_1622658800915/work/gcc_built/x86_64-conda-linux-gnu/sysroot --enable-languages=c,c++,fortran,objc,obj-c++ --with-pkgversion='crosstool-NG 1.24.0.133_b0863d8_dirty' --enable-__cxa_atexit --disable-libmudflap --enable-libgomp --disable-libssp --enable-libquadmath --enable-libquadmath-support --enable-libsanitizer --enable-libmpx --with-gmp=/home/builder/ktietz/cos6/ci_cos6/ctng-compilers_1622658800915/work/.build/x86_64-conda-linux-gnu/buildtools --with-mpfr=/home/builder/ktietz/cos6/ci_cos6/ctng-compilers_1622658800915/work/.build/x86_64-conda-linux-gnu/buildtools --with-mpc=/home/builder/ktietz/cos6/ci_cos6/ctng-compilers_1622658800915/work/.build/x86_64-conda-linux-gnu/buildtools --with-isl=/home/builder/ktietz/cos6/ci_cos6/ctng-compilers_1622658800915/work/.build/x86_64-conda-linux-gnu/buildtools --enable-lto --with-host-libstdcxx='-static-libgcc -Wl,-Bstatic,-lstdc++,-Bdynamic -lm' --enable-threads=posix --enable-target-optspace --enable-plugin --enable-gold --disable-nls --disable-multilib --with-local-prefix=/home/builder/ktietz/cos6/ci_cos6/ctng-compilers_1622658800915/work/gcc_built/x86_64-conda-linux-gnu/sysroot --enable-long-long --enable-default-pie
Thread model: posix
gcc version 9.3.0 (crosstool-NG 1.24.0.133_b0863d8_dirty) 
COLLECT_GCC_OPTIONS='-march=nocona' '-mtune=haswell' '-ftree-vectorize' '-fPIC' '-fstack-protector-strong' '-fno-plt' '-O2' '-ffunction-sections' '-pipe' '-isystem' '/opt/anaconda3/include' '-v' '-o' 'CMakeFiles/cmTC_643bb.dir/CMakeCCompilerABI.c.o' '-c'
 /opt/anaconda3/bin/../libexec/gcc/x86_64-conda-linux-gnu/9.3.0/cc1 -quiet -v -iprefix /opt/anaconda3/bin/../lib/gcc/x86_64-conda-linux-gnu/9.3.0/ -isysroot /opt/anaconda3/bin/../x86_64-conda-linux-gnu/sysroot -isystem /opt/anaconda3/include /usr/share/cmake/Modules/CMakeCCompilerABI.c -quiet -dumpbase CMakeCCompilerABI.c -march=nocona -mtune=haswell -auxbase-strip CMakeFiles/cmTC_643bb.dir/CMakeCCompilerABI.c.o -O2 -version -ftree-vectorize -fPIC -fstack-protector-strong -fno-plt -ffunction-sections -o - |
 /opt/anaconda3/bin/../lib/gcc/x86_64-conda-linux-gnu/9.3.0/../../../../x86_64-conda-linux-gnu/bin/as -v --64 -o CMakeFiles/cmTC_643bb.dir/CMakeCCompilerABI.c.o
GNU assembler version 2.35.1 (x86_64-conda-linux-gnu) using BFD version (GNU Binutils) 2.35.1
GNU C17 (crosstool-NG 1.24.0.133_b0863d8_dirty) version 9.3.0 (x86_64-conda-linux-gnu)
	compiled by GNU C version 5.4.0 20160609, GMP version 6.2.0, MPFR version 4.0.2, MPC version 1.1.0, isl version isl-0.22-GMP

GGC heuristics: --param ggc-min-expand=100 --param ggc-min-heapsize=131072
ignoring duplicate directory "/opt/anaconda3/bin/../lib/gcc/../../lib/gcc/x86_64-conda-linux-gnu/9.3.0/include"
ignoring nonexistent directory "/opt/anaconda3/bin/../x86_64-conda-linux-gnu/sysroot/home/builder/ktietz/cos6/ci_cos6/ctng-compilers_1622658800915/work/gcc_built/x86_64-conda-linux-gnu/sysroot/include"
ignoring duplicate directory "/opt/anaconda3/bin/../lib/gcc/../../lib/gcc/x86_64-conda-linux-gnu/9.3.0/include-fixed"
ignoring duplicate directory "/opt/anaconda3/bin/../lib/gcc/../../lib/gcc/x86_64-conda-linux-gnu/9.3.0/../../../../x86_64-conda-linux-gnu/include"
#include "..." search starts here:
#include <...> search starts here:
 /opt/anaconda3/include
 /opt/anaconda3/bin/../lib/gcc/x86_64-conda-linux-gnu/9.3.0/include
 /opt/anaconda3/bin/../lib/gcc/x86_64-conda-linux-gnu/9.3.0/include-fixed
 /opt/anaconda3/bin/../lib/gcc/x86_64-conda-linux-gnu/9.3.0/../../../../x86_64-conda-linux-gnu/include
 /opt/anaconda3/bin/../x86_64-conda-linux-gnu/sysroot/usr/include
End of search list.
GNU C17 (crosstool-NG 1.24.0.133_b0863d8_dirty) version 9.3.0 (x86_64-conda-linux-gnu)
	compiled by GNU C version 5.4.0 20160609, GMP version 6.2.0, MPFR version 4.0.2, MPC version 1.1.0, isl version isl-0.22-GMP

GGC heuristics: --param ggc-min-expand=100 --param ggc-min-heapsize=131072
Compiler executable checksum: 9e955f200e092e6201590e2fee739133
COMPILER_PATH=/opt/anaconda3/bin/../libexec/gcc/x86_64-conda-linux-gnu/9.3.0/:/opt/anaconda3/bin/../libexec/gcc/:/opt/anaconda3/bin/../lib/gcc/x86_64-conda-linux-gnu/9.3.0/../../../../x86_64-conda-linux-gnu/bin/
LIBRARY_PATH=/opt/anaconda3/bin/../lib/gcc/x86_64-conda-linux-gnu/9.3.0/:/opt/anaconda3/bin/../lib/gcc/:/opt/anaconda3/bin/../lib/gcc/x86_64-conda-linux-gnu/9.3.0/../../../../x86_64-conda-linux-gnu/lib/../lib/:/opt/anaconda3/bin/../x86_64-conda-linux-gnu/sysroot/lib/../lib/:/opt/anaconda3/bin/../x86_64-conda-linux-gnu/sysroot/usr/lib/../lib/:/opt/anaconda3/bin/../lib/gcc/x86_64-conda-linux-gnu/9.3.0/../../../../x86_64-conda-linux-gnu/lib/:/opt/anaconda3/bin/../x86_64-conda-linux-gnu/sysroot/lib/:/opt/anaconda3/bin/../x86_64-conda-linux-gnu/sysroot/usr/lib/
COLLECT_GCC_OPTIONS='-march=nocona' '-mtune=haswell' '-ftree-vectorize' '-fPIC' '-fstack-protector-strong' '-fno-plt' '-O2' '-ffunction-sections' '-pipe' '-isystem' '/opt/anaconda3/include' '-v' '-o' 'CMakeFiles/cmTC_643bb.dir/CMakeCCompilerABI.c.o' '-c'
Linking C executable cmTC_643bb
/usr/bin/cmake -E cmake_link_script CMakeFiles/cmTC_643bb.dir/link.txt --verbose=1
/opt/anaconda3/bin/x86_64-conda-linux-gnu-cc -march=nocona -mtune=haswell -ftree-vectorize -fPIC -fstack-protector-strong -fno-plt -O2 -ffunction-sections -pipe -isystem /opt/anaconda3/include  -Wl,-O2 -Wl,--sort-common -Wl,--as-needed -Wl,-z,relro -Wl,-z,now -Wl,--disable-new-dtags -Wl,--gc-sections -Wl,-rpath,/opt/anaconda3/lib -Wl,-rpath-link,/opt/anaconda3/lib -L/opt/anaconda3/lib -v -rdynamic CMakeFiles/cmTC_643bb.dir/CMakeCCompilerABI.c.o -o cmTC_643bb 
Reading specs from /opt/anaconda3/bin/../lib/gcc/x86_64-conda-linux-gnu/9.3.0/specs
COLLECT_GCC=/opt/anaconda3/bin/x86_64-conda-linux-gnu-cc
COLLECT_LTO_WRAPPER=/opt/anaconda3/bin/../libexec/gcc/x86_64-conda-linux-gnu/9.3.0/lto-wrapper
Target: x86_64-conda-linux-gnu
Configured with: /home/builder/ktietz/cos6/ci_cos6/ctng-compilers_1622658800915/work/.build/x86_64-conda-linux-gnu/src/gcc/configure --build=x86_64-build_pc-linux-gnu --host=x86_64-build_pc-linux-gnu --target=x86_64-conda-linux-gnu --prefix=/home/builder/ktietz/cos6/ci_cos6/ctng-compilers_1622658800915/work/gcc_built --with-sysroot=/home/builder/ktietz/cos6/ci_cos6/ctng-compilers_1622658800915/work/gcc_built/x86_64-conda-linux-gnu/sysroot --enable-languages=c,c++,fortran,objc,obj-c++ --with-pkgversion='crosstool-NG 1.24.0.133_b0863d8_dirty' --enable-__cxa_atexit --disable-libmudflap --enable-libgomp --disable-libssp --enable-libquadmath --enable-libquadmath-support --enable-libsanitizer --enable-libmpx --with-gmp=/home/builder/ktietz/cos6/ci_cos6/ctng-compilers_1622658800915/work/.build/x86_64-conda-linux-gnu/buildtools --with-mpfr=/home/builder/ktietz/cos6/ci_cos6/ctng-compilers_1622658800915/work/.build/x86_64-conda-linux-gnu/buildtools --with-mpc=/home/builder/ktietz/cos6/ci_cos6/ctng-compilers_1622658800915/work/.build/x86_64-conda-linux-gnu/buildtools --with-isl=/home/builder/ktietz/cos6/ci_cos6/ctng-compilers_1622658800915/work/.build/x86_64-conda-linux-gnu/buildtools --enable-lto --with-host-libstdcxx='-static-libgcc -Wl,-Bstatic,-lstdc++,-Bdynamic -lm' --enable-threads=posix --enable-target-optspace --enable-plugin --enable-gold --disable-nls --disable-multilib --with-local-prefix=/home/builder/ktietz/cos6/ci_cos6/ctng-compilers_1622658800915/work/gcc_built/x86_64-conda-linux-gnu/sysroot --enable-long-long --enable-default-pie
Thread model: posix
gcc version 9.3.0 (crosstool-NG 1.24.0.133_b0863d8_dirty) 
COMPILER_PATH=/opt/anaconda3/bin/../libexec/gcc/x86_64-conda-linux-gnu/9.3.0/:/opt/anaconda3/bin/../libexec/gcc/:/opt/anaconda3/bin/../lib/gcc/x86_64-conda-linux-gnu/9.3.0/../../../../x86_64-conda-linux-gnu/bin/
LIBRARY_PATH=/opt/anaconda3/bin/../lib/gcc/x86_64-conda-linux-gnu/9.3.0/:/opt/anaconda3/bin/../lib/gcc/:/opt/anaconda3/bin/../lib/gcc/x86_64-conda-linux-gnu/9.3.0/../../../../x86_64-conda-linux-gnu/lib/../lib/:/opt/anaconda3/bin/../x86_64-conda-linux-gnu/sysroot/lib/../lib/:/opt/anaconda3/bin/../x86_64-conda-linux-gnu/sysroot/usr/lib/../lib/:/opt/anaconda3/bin/../lib/gcc/x86_64-conda-linux-gnu/9.3.0/../../../../x86_64-conda-linux-gnu/lib/:/opt/anaconda3/bin/../x86_64-conda-linux-gnu/sysroot/lib/:/opt/anaconda3/bin/../x86_64-conda-linux-gnu/sysroot/usr/lib/
COLLECT_GCC_OPTIONS='-march=nocona' '-mtune=haswell' '-ftree-vectorize' '-fPIC' '-fstack-protector-strong' '-fno-plt' '-O2' '-ffunction-sections' '-pipe' '-isystem' '/opt/anaconda3/include' '-L/opt/anaconda3/lib' '-v' '-rdynamic' '-o' 'cmTC_643bb'
 /opt/anaconda3/bin/../libexec/gcc/x86_64-conda-linux-gnu/9.3.0/collect2 -plugin /opt/anaconda3/bin/../libexec/gcc/x86_64-conda-linux-gnu/9.3.0/liblto_plugin.so -plugin-opt=/opt/anaconda3/bin/../libexec/gcc/x86_64-conda-linux-gnu/9.3.0/lto-wrapper -plugin-opt=-fresolution=/tmp/ccYhUqez.res -plugin-opt=-pass-through=-lgcc -plugin-opt=-pass-through=-lgcc_s -plugin-opt=-pass-through=-lc -plugin-opt=-pass-through=-lgcc -plugin-opt=-pass-through=-lgcc_s --sysroot=/opt/anaconda3/bin/../x86_64-conda-linux-gnu/sysroot --eh-frame-hdr -m elf_x86_64 -export-dynamic -dynamic-linker /lib64/ld-linux-x86-64.so.2 -pie -o cmTC_643bb /opt/anaconda3/bin/../x86_64-conda-linux-gnu/sysroot/usr/lib/../lib/Scrt1.o /opt/anaconda3/bin/../x86_64-conda-linux-gnu/sysroot/usr/lib/../lib/crti.o /opt/anaconda3/bin/../lib/gcc/x86_64-conda-linux-gnu/9.3.0/crtbeginS.o -L/opt/anaconda3/lib -L/opt/anaconda3/bin/../lib/gcc/x86_64-conda-linux-gnu/9.3.0 -L/opt/anaconda3/bin/../lib/gcc -L/opt/anaconda3/bin/../lib/gcc/x86_64-conda-linux-gnu/9.3.0/../../../../x86_64-conda-linux-gnu/lib/../lib -L/opt/anaconda3/bin/../x86_64-conda-linux-gnu/sysroot/lib/../lib -L/opt/anaconda3/bin/../x86_64-conda-linux-gnu/sysroot/usr/lib/../lib -L/opt/anaconda3/bin/../lib/gcc/x86_64-conda-linux-gnu/9.3.0/../../../../x86_64-conda-linux-gnu/lib -L/opt/anaconda3/bin/../x86_64-conda-linux-gnu/sysroot/lib -L/opt/anaconda3/bin/../x86_64-conda-linux-gnu/sysroot/usr/lib -rpath /opt/anaconda3/lib -O2 --sort-common --as-needed -z relro -z now --disable-new-dtags --gc-sections -rpath /opt/anaconda3/lib -rpath-link /opt/anaconda3/lib CMakeFiles/cmTC_643bb.dir/CMakeCCompilerABI.c.o -lgcc --push-state --as-needed -lgcc_s --pop-state -lc -lgcc --push-state --as-needed -lgcc_s --pop-state /opt/anaconda3/bin/../lib/gcc/x86_64-conda-linux-gnu/9.3.0/crtendS.o /opt/anaconda3/bin/../x86_64-conda-linux-gnu/sysroot/usr/lib/../lib/crtn.o
COLLECT_GCC_OPTIONS='-march=nocona' '-mtune=haswell' '-ftree-vectorize' '-fPIC' '-fstack-protector-strong' '-fno-plt' '-O2' '-ffunction-sections' '-pipe' '-isystem' '/opt/anaconda3/include' '-L/opt/anaconda3/lib' '-v' '-rdynamic' '-o' 'cmTC_643bb'
gmake[1]: Leaving directory '/home/team-10/split/CMakeFiles/CMakeTmp'



Parsed C implicit include dir info from above output: rv=done
  found start of include info
  found start of implicit include info
    add: [/opt/anaconda3/include]
    add: [/opt/anaconda3/bin/../lib/gcc/x86_64-conda-linux-gnu/9.3.0/include]
    add: [/opt/anaconda3/bin/../lib/gcc/x86_64-conda-linux-gnu/9.3.0/include-fixed]
    add: [/opt/anaconda3/bin/../lib/gcc/x86_64-conda-linux-gnu/9.3.0/../../../../x86_64-conda-linux-gnu/include]
    add: [/opt/anaconda3/bin/../x86_64-conda-linux-gnu/sysroot/usr/include]
  end of search list found
  collapse include dir [/opt/anaconda3/include] ==> [/opt/anaconda3/include]
  collapse include dir [/opt/anaconda3/bin/../lib/gcc/x86_64-conda-linux-gnu/9.3.0/include] ==> [/opt/anaconda3/lib/gcc/x86_64-conda-linux-gnu/9.3.0/include]
  collapse include dir [/opt/anaconda3/bin/../lib/gcc/x86_64-conda-linux-gnu/9.3.0/include-fixed] ==> [/opt/anaconda3/lib/gcc/x86_64-conda-linux-gnu/9.3.0/include-fixed]
  collapse include dir [/opt/anaconda3/bin/../lib/gcc/x86_64-conda-linux-gnu/9.3.0/../../../../x86_64-conda-linux-gnu/include] ==> [/opt/anaconda3/x86_64-conda-linux-gnu/include]
  collapse include dir [/opt/anaconda3/bin/../x86_64-conda-linux-gnu/sysroot/usr/include] ==> [/opt/anaconda3/x86_64-conda-linux-gnu/sysroot/usr/include]
  implicit include dirs: [/opt/anaconda3/include;/opt/anaconda3/lib/gcc/x86_64-conda-linux-gnu/9.3.0/include;/opt/anaconda3/lib/gcc/x86_64-conda-linux-gnu/9.3.0/include-fixed;/opt/anaconda3/x86_64-conda-linux-gnu/include;/opt/anaconda3/x86_64-conda-linux-gnu/sysroot/usr/include]


Parsed C implicit link information from above output:
  link line regex: [^( *|.*[/\])(x86_64-conda-linux-gnu-ld|CMAKE_LINK_STARTFILE-NOTFOUND|([^/\]+-)?ld|collect2)[^/\]*( |$)]
  ignore line: [Change Dir: /home/team-10/split/CMakeFiles/CMakeTmp]
  ignore line: []
  ignore line: [Run Build Command(s):/usr/bin/gmake -f Makefile cmTC_643bb/fast && /usr/bin/gmake  -f CMakeFiles/cmTC_643bb.dir/build.make CMakeFiles/cmTC_643bb.dir/build]
  ignore line: [gmake[1]: Entering directory '/home/team-10/split/CMakeFiles/CMakeTmp']
  ignore line: [Building C object CMakeFiles/cmTC_643bb.dir/CMakeCCompilerABI.c.o]
  ignore line: [/opt/anaconda3/bin/x86_64-conda-linux-gnu-cc   -march=nocona -mtune=haswell -ftree-vectorize -fPIC -fstack-protector-strong -fno-plt -O2 -ffunction-sections -pipe -isystem /opt/anaconda3/include    -v -o CMakeFiles/cmTC_643bb.dir/CMakeCCompilerABI.c.o -c /usr/share/cmake/Modules/CMakeCCompilerABI.c]
  ignore line: [Reading specs from /opt/anaconda3/bin/../lib/gcc/x86_64-conda-linux-gnu/9.3.0/specs]
  ignore line: [COLLECT_GCC=/opt/anaconda3/bin/x86_64-conda-linux-gnu-cc]
  ignore line: [Target: x86_64-conda-linux-gnu]
  ignore line: [Configured with: /home/builder/ktietz/cos6/ci_cos6/ctng-compilers_1622658800915/work/.build/x86_64-conda-linux-gnu/src/gcc/configure --build=x86_64-build_pc-linux-gnu --host=x86_64-build_pc-linux-gnu --target=x86_64-conda-linux-gnu --prefix=/home/builder/ktietz/cos6/ci_cos6/ctng-compilers_1622658800915/work/gcc_built --with-sysroot=/home/builder/ktietz/cos6/ci_cos6/ctng-compilers_1622658800915/work/gcc_built/x86_64-conda-linux-gnu/sysroot --enable-languages=c c++ fortran objc obj-c++ --with-pkgversion='crosstool-NG 1.24.0.133_b0863d8_dirty' --enable-__cxa_atexit --disable-libmudflap --enable-libgomp --disable-libssp --enable-libquadmath --enable-libquadmath-support --enable-libsanitizer --enable-libmpx --with-gmp=/home/builder/ktietz/cos6/ci_cos6/ctng-compilers_1622658800915/work/.build/x86_64-conda-linux-gnu/buildtools --with-mpfr=/home/builder/ktietz/cos6/ci_cos6/ctng-compilers_1622658800915/work/.build/x86_64-conda-linux-gnu/buildtools --with-mpc=/home/builder/ktietz/cos6/ci_cos6/ctng-compilers_1622658800915/work/.build/x86_64-conda-linux-gnu/buildtools --with-isl=/home/builder/ktietz/cos6/ci_cos6/ctng-compilers_1622658800915/work/.build/x86_64-conda-linux-gnu/buildtools --enable-lto --with-host-libstdcxx='-static-libgcc -Wl -Bstatic -lstdc++ -Bdynamic -lm' --enable-threads=posix --enable-target-optspace --enable-plugin --enable-gold --disable-nls --disable-multilib --with-local-prefix=/home/builder/ktietz/cos6/ci_cos6/ctng-compilers_1622658800915/work/gcc_built/x86_64-conda-linux-gnu/sysroot --enable-long-long --enable-default-pie]
  ignore line: [Thread model: posix]
  ignore line: [gcc version 9.3.0 (crosstool-NG 1.24.0.133_b0863d8_dirty) ]
  ignore line: [COLLECT_GCC_OPTIONS='-march=nocona' '-mtune=haswell' '-ftree-vectorize' '-fPIC' '-fstack-protector-strong' '-fno-plt' '-O2' '-ffunction-sections' '-pipe' '-isystem' '/opt/anaconda3/include' '-v' '-o' 'CMakeFiles/cmTC_643bb.dir/CMakeCCompilerABI.c.o' '-c']
  ignore line: [ /opt/anaconda3/bin/../libexec/gcc/x86_64-conda-linux-gnu/9.3.0/cc1 -quiet -v -iprefix /opt/anaconda3/bin/../lib/gcc/x86_64-conda-linux-gnu/9.3.0/ -isysroot /opt/anaconda3/bin/../x86_64-conda-linux-gnu/sysroot -isystem /opt/anaconda3/include /usr/share/cmake/Modules/CMakeCCompilerABI.c -quiet -dumpbase CMakeCCompilerABI.c -march=nocona -mtune=haswell -auxbase-strip CMakeFiles/cmTC_643bb.dir/CMakeCCompilerABI.c.o -O2 -version -ftree-vectorize -fPIC -fstack-protector-strong -fno-plt -ffunction-sections -o - |]
  ignore line: [ /opt/anaconda3/bin/../lib/gcc/x86_64-conda-linux-gnu/9.3.0/../../../../x86_64-conda-linux-gnu/bin/as -v --64 -o CMakeFiles/cmTC_643bb.dir/CMakeCCompilerABI.c.o]
  ignore line: [GNU assembler version 2.35.1 (x86_64-conda-linux-gnu) using BFD version (GNU Binutils) 2.35.1]
  ignore line: [GNU C17 (crosstool-NG 1.24.0.133_b0863d8_dirty) version 9.3.0 (x86_64-conda-linux-gnu)]
  ignore line: [	compiled by GNU C version 5.4.0 20160609  GMP version 6.2.0  MPFR version 4.0.2  MPC version 1.1.0  isl version isl-0.22-GMP]
  ignore line: []
  ignore line: [GGC heuristics: --param ggc-min-expand=100 --param ggc-min-heapsize=131072]
  ignore line: [ignoring duplicate directory "/opt/anaconda3/bin/../lib/gcc/../../lib/gcc/x86_64-conda-linux-gnu/9.3.0/include"]
  ignore line: [ignoring nonexistent directory "/opt/anaconda3/bin/../x86_64-conda-linux-gnu/sysroot/home/builder/ktietz/cos6/ci_cos6/ctng-compilers_1622658800915/work/gcc_built/x86_64-conda-linux-gnu/sysroot/include"]
  ignore line: [ignoring duplicate directory "/opt/anaconda3/bin/../lib/gcc/../../lib/gcc/x86_64-conda-linux-gnu/9.3.0/include-fixed"]
  ignore line: [ignoring duplicate directory "/opt/anaconda3/bin/../lib/gcc/../../lib/gcc/x86_64-conda-linux-gnu/9.3.0/../../../../x86_64-conda-linux-gnu/include"]
  ignore line: [#include "..." search starts here:]
  ignore line: [#include <...> search starts here:]
  ignore line: [ /opt/anaconda3/include]
  ignore line: [ /opt/anaconda3/bin/../lib/gcc/x86_64-conda-linux-gnu/9.3.0/include]
  ignore line: [ /opt/anaconda3/bin/../lib/gcc/x86_64-conda-linux-gnu/9.3.0/include-fixed]
  ignore line: [ /opt/anaconda3/bin/../lib/gcc/x86_64-conda-linux-gnu/9.3.0/../../../../x86_64-conda-linux-gnu/include]
  ignore line: [ /opt/anaconda3/bin/../x86_64-conda-linux-gnu/sysroot/usr/include]
  ignore line: [End of search list.]
  ignore line: [GNU C17 (crosstool-NG 1.24.0.133_b0863d8_dirty) version 9.3.0 (x86_64-conda-linux-gnu)]
  ignore line: [	compiled by GNU C version 5.4.0 20160609  GMP version 6.2.0  MPFR version 4.0.2  MPC version 1.1.0  isl version isl-0.22-GMP]
  ignore line: []
  ignore line: [GGC heuristics: --param ggc-min-expand=100 --param ggc-min-heapsize=131072]
  ignore line: [Compiler executable checksum: 9e955f200e092e6201590e2fee739133]
  ignore line: [COMPILER_PATH=/opt/anaconda3/bin/../libexec/gcc/x86_64-conda-linux-gnu/9.3.0/:/opt/anaconda3/bin/../libexec/gcc/:/opt/anaconda3/bin/../lib/gcc/x86_64-conda-linux-gnu/9.3.0/../../../../x86_64-conda-linux-gnu/bin/]
  ignore line: [LIBRARY_PATH=/opt/anaconda3/bin/../lib/gcc/x86_64-conda-linux-gnu/9.3.0/:/opt/anaconda3/bin/../lib/gcc/:/opt/anaconda3/bin/../lib/gcc/x86_64-conda-linux-gnu/9.3.0/../../../../x86_64-conda-linux-gnu/lib/../lib/:/opt/anaconda3/bin/../x86_64-conda-linux-gnu/sysroot/lib/../lib/:/opt/anaconda3/bin/../x86_64-conda-linux-gnu/sysroot/usr/lib/../lib/:/opt/anaconda3/bin/../lib/gcc/x86_64-conda-linux-gnu/9.3.0/../../../../x86_64-conda-linux-gnu/lib/:/opt/anaconda3/bin/../x86_64-conda-linux-gnu/sysroot/lib/:/opt/anaconda3/bin/../x86_64-conda-linux-gnu/sysroot/usr/lib/]
  ignore line: [COLLECT_GCC_OPTIONS='-march=nocona' '-mtune=haswell' '-ftree-vectorize' '-fPIC' '-fstack-protector-strong' '-fno-plt' '-O2' '-ffunction-sections' '-pipe' '-isystem' '/opt/anaconda3/include' '-v' '-o' 'CMakeFiles/cmTC_643bb.dir/CMakeCCompilerABI.c.o' '-c']
  ignore line: [Linking C executable cmTC_643bb]
  ignore line: [/usr/bin/cmake -E cmake_link_script CMakeFiles/cmTC_643bb.dir/link.txt --verbose=1]
  ignore line: [/opt/anaconda3/bin/x86_64-conda-linux-gnu-cc -march=nocona -mtune=haswell -ftree-vectorize -fPIC -fstack-protector-strong -fno-plt -O2 -ffunction-sections -pipe -isystem /opt/anaconda3/include  -Wl -O2 -Wl --sort-common -Wl --as-needed -Wl -z relro -Wl -z now -Wl --disable-new-dtags -Wl --gc-sections -Wl -rpath /opt/anaconda3/lib -Wl -rpath-link /opt/anaconda3/lib -L/opt/anaconda3/lib -v -rdynamic CMakeFiles/cmTC_643bb.dir/CMakeCCompilerABI.c.o -o cmTC_643bb ]
  ignore line: [Reading specs from /opt/anaconda3/bin/../lib/gcc/x86_64-conda-linux-gnu/9.3.0/specs]
  ignore line: [COLLECT_GCC=/opt/anaconda3/bin/x86_64-conda-linux-gnu-cc]
  ignore line: [COLLECT_LTO_WRAPPER=/opt/anaconda3/bin/../libexec/gcc/x86_64-conda-linux-gnu/9.3.0/lto-wrapper]
  ignore line: [Target: x86_64-conda-linux-gnu]
  ignore line: [Configured with: /home/builder/ktietz/cos6/ci_cos6/ctng-compilers_1622658800915/work/.build/x86_64-conda-linux-gnu/src/gcc/configure --build=x86_64-build_pc-linux-gnu --host=x86_64-build_pc-linux-gnu --target=x86_64-conda-linux-gnu --prefix=/home/builder/ktietz/cos6/ci_cos6/ctng-compilers_1622658800915/work/gcc_built --with-sysroot=/home/builder/ktietz/cos6/ci_cos6/ctng-compilers_1622658800915/work/gcc_built/x86_64-conda-linux-gnu/sysroot --enable-languages=c c++ fortran objc obj-c++ --with-pkgversion='crosstool-NG 1.24.0.133_b0863d8_dirty' --enable-__cxa_atexit --disable-libmudflap --enable-libgomp --disable-libssp --enable-libquadmath --enable-libquadmath-support --enable-libsanitizer --enable-libmpx --with-gmp=/home/builder/ktietz/cos6/ci_cos6/ctng-compilers_1622658800915/work/.build/x86_64-conda-linux-gnu/buildtools --with-mpfr=/home/builder/ktietz/cos6/ci_cos6/ctng-compilers_1622658800915/work/.build/x86_64-conda-linux-gnu/buildtools --with-mpc=/home/builder/ktietz/cos6/ci_cos6/ctng-compilers_1622658800915/work/.build/x86_64-conda-linux-gnu/buildtools --with-isl=/home/builder/ktietz/cos6/ci_cos6/ctng-compilers_1622658800915/work/.build/x86_64-conda-linux-gnu/buildtools --enable-lto --with-host-libstdcxx='-static-libgcc -Wl -Bstatic -lstdc++ -Bdynamic -lm' --enable-threads=posix --enable-target-optspace --enable-plugin --enable-gold --disable-nls --disable-multilib --with-local-prefix=/home/builder/ktietz/cos6/ci_cos6/ctng-compilers_1622658800915/work/gcc_built/x86_64-conda-linux-gnu/sysroot --enable-long-long --enable-default-pie]
  ignore line: [Thread model: posix]
  ignore line: [gcc version 9.3.0 (crosstool-NG 1.24.0.133_b0863d8_dirty) ]
  ignore line: [COMPILER_PATH=/opt/anaconda3/bin/../libexec/gcc/x86_64-conda-linux-gnu/9.3.0/:/opt/anaconda3/bin/../libexec/gcc/:/opt/anaconda3/bin/../lib/gcc/x86_64-conda-linux-gnu/9.3.0/../../../../x86_64-conda-linux-gnu/bin/]
  ignore line: [LIBRARY_PATH=/opt/anaconda3/bin/../lib/gcc/x86_64-conda-linux-gnu/9.3.0/:/opt/anaconda3/bin/../lib/gcc/:/opt/anaconda3/bin/../lib/gcc/x86_64-conda-linux-gnu/9.3.0/../../../../x86_64-conda-linux-gnu/lib/../lib/:/opt/anaconda3/bin/../x86_64-conda-linux-gnu/sysroot/lib/../lib/:/opt/anaconda3/bin/../x86_64-conda-linux-gnu/sysroot/usr/lib/../lib/:/opt/anaconda3/bin/../lib/gcc/x86_64-conda-linux-gnu/9.3.0/../../../../x86_64-conda-linux-gnu/lib/:/opt/anaconda3/bin/../x86_64-conda-linux-gnu/sysroot/lib/:/opt/anaconda3/bin/../x86_64-conda-linux-gnu/sysroot/usr/lib/]
  ignore line: [COLLECT_GCC_OPTIONS='-march=nocona' '-mtune=haswell' '-ftree-vectorize' '-fPIC' '-fstack-protector-strong' '-fno-plt' '-O2' '-ffunction-sections' '-pipe' '-isystem' '/opt/anaconda3/include' '-L/opt/anaconda3/lib' '-v' '-rdynamic' '-o' 'cmTC_643bb']
  link line: [ /opt/anaconda3/bin/../libexec/gcc/x86_64-conda-linux-gnu/9.3.0/collect2 -plugin /opt/anaconda3/bin/../libexec/gcc/x86_64-conda-linux-gnu/9.3.0/liblto_plugin.so -plugin-opt=/opt/anaconda3/bin/../libexec/gcc/x86_64-conda-linux-gnu/9.3.0/lto-wrapper -plugin-opt=-fresolution=/tmp/ccYhUqez.res -plugin-opt=-pass-through=-lgcc -plugin-opt=-pass-through=-lgcc_s -plugin-opt=-pass-through=-lc -plugin-opt=-pass-through=-lgcc -plugin-opt=-pass-through=-lgcc_s --sysroot=/opt/anaconda3/bin/../x86_64-conda-linux-gnu/sysroot --eh-frame-hdr -m elf_x86_64 -export-dynamic -dynamic-linker /lib64/ld-linux-x86-64.so.2 -pie -o cmTC_643bb /opt/anaconda3/bin/../x86_64-conda-linux-gnu/sysroot/usr/lib/../lib/Scrt1.o /opt/anaconda3/bin/../x86_64-conda-linux-gnu/sysroot/usr/lib/../lib/crti.o /opt/anaconda3/bin/../lib/gcc/x86_64-conda-linux-gnu/9.3.0/crtbeginS.o -L/opt/anaconda3/lib -L/opt/anaconda3/bin/../lib/gcc/x86_64-conda-linux-gnu/9.3.0 -L/opt/anaconda3/bin/../lib/gcc -L/opt/anaconda3/bin/../lib/gcc/x86_64-conda-linux-gnu/9.3.0/../../../../x86_64-conda-linux-gnu/lib/../lib -L/opt/anaconda3/bin/../x86_64-conda-linux-gnu/sysroot/lib/../lib -L/opt/anaconda3/bin/../x86_64-conda-linux-gnu/sysroot/usr/lib/../lib -L/opt/anaconda3/bin/../lib/gcc/x86_64-conda-linux-gnu/9.3.0/../../../../x86_64-conda-linux-gnu/lib -L/opt/anaconda3/bin/../x86_64-conda-linux-gnu/sysroot/lib -L/opt/anaconda3/bin/../x86_64-conda-linux-gnu/sysroot/usr/lib -rpath /opt/anaconda3/lib -O2 --sort-common --as-needed -z relro -z now --disable-new-dtags --gc-sections -rpath /opt/anaconda3/lib -rpath-link /opt/anaconda3/lib CMakeFiles/cmTC_643bb.dir/CMakeCCompilerABI.c.o -lgcc --push-state --as-needed -lgcc_s --pop-state -lc -lgcc --push-state --as-needed -lgcc_s --pop-state /opt/anaconda3/bin/../lib/gcc/x86_64-conda-linux-gnu/9.3.0/crtendS.o /opt/anaconda3/bin/../x86_64-conda-linux-gnu/sysroot/usr/lib/../lib/crtn.o]
    arg [/opt/anaconda3/bin/../libexec/gcc/x86_64-conda-linux-gnu/9.3.0/collect2] ==> ignore
    arg [-plugin] ==> ignore
    arg [/opt/anaconda3/bin/../libexec/gcc/x86_64-conda-linux-gnu/9.3.0/liblto_plugin.so] ==> ignore
    arg [-plugin-opt=/opt/anaconda3/bin/../libexec/gcc/x86_64-conda-linux-gnu/9.3.0/lto-wrapper] ==> ignore
    arg [-plugin-opt=-fresolution=/tmp/ccYhUqez.res] ==> ignore
    arg [-plugin-opt=-pass-through=-lgcc] ==> ignore
    arg [-plugin-opt=-pass-through=-lgcc_s] ==> ignore
    arg [-plugin-opt=-pass-through=-lc] ==> ignore
    arg [-plugin-opt=-pass-through=-lgcc] ==> ignore
    arg [-plugin-opt=-pass-through=-lgcc_s] ==> ignore
    arg [--sysroot=/opt/anaconda3/bin/../x86_64-conda-linux-gnu/sysroot] ==> ignore
    arg [--eh-frame-hdr] ==> ignore
    arg [-m] ==> ignore
    arg [elf_x86_64] ==> ignore
    arg [-export-dynamic] ==> ignore
    arg [-dynamic-linker] ==> ignore
    arg [/lib64/ld-linux-x86-64.so.2] ==> ignore
    arg [-pie] ==> ignore
    arg [-o] ==> ignore
    arg [cmTC_643bb] ==> ignore
    arg [/opt/anaconda3/bin/../x86_64-conda-linux-gnu/sysroot/usr/lib/../lib/Scrt1.o] ==> obj [/opt/anaconda3/bin/../x86_64-conda-linux-gnu/sysroot/usr/lib/../lib/Scrt1.o]
    arg [/opt/anaconda3/bin/../x86_64-conda-linux-gnu/sysroot/usr/lib/../lib/crti.o] ==> obj [/opt/anaconda3/bin/../x86_64-conda-linux-gnu/sysroot/usr/lib/../lib/crti.o]
    arg [/opt/anaconda3/bin/../lib/gcc/x86_64-conda-linux-gnu/9.3.0/crtbeginS.o] ==> obj [/opt/anaconda3/bin/../lib/gcc/x86_64-conda-linux-gnu/9.3.0/crtbeginS.o]
    arg [-L/opt/anaconda3/lib] ==> dir [/opt/anaconda3/lib]
    arg [-L/opt/anaconda3/bin/../lib/gcc/x86_64-conda-linux-gnu/9.3.0] ==> dir [/opt/anaconda3/bin/../lib/gcc/x86_64-conda-linux-gnu/9.3.0]
    arg [-L/opt/anaconda3/bin/../lib/gcc] ==> dir [/opt/anaconda3/bin/../lib/gcc]
    arg [-L/opt/anaconda3/bin/../lib/gcc/x86_64-conda-linux-gnu/9.3.0/../../../../x86_64-conda-linux-gnu/lib/../lib] ==> dir [/opt/anaconda3/bin/../lib/gcc/x86_64-conda-linux-gnu/9.3.0/../../../../x86_64-conda-linux-gnu/lib/../lib]
    arg [-L/opt/anaconda3/bin/../x86_64-conda-linux-gnu/sysroot/lib/../lib] ==> dir [/opt/anaconda3/bin/../x86_64-conda-linux-gnu/sysroot/lib/../lib]
    arg [-L/opt/anaconda3/bin/../x86_64-conda-linux-gnu/sysroot/usr/lib/../lib] ==> dir [/opt/anaconda3/bin/../x86_64-conda-linux-gnu/sysroot/usr/lib/../lib]
    arg [-L/opt/anaconda3/bin/../lib/gcc/x86_64-conda-linux-gnu/9.3.0/../../../../x86_64-conda-linux-gnu/lib] ==> dir [/opt/anaconda3/bin/../lib/gcc/x86_64-conda-linux-gnu/9.3.0/../../../../x86_64-conda-linux-gnu/lib]
    arg [-L/opt/anaconda3/bin/../x86_64-conda-linux-gnu/sysroot/lib] ==> dir [/opt/anaconda3/bin/../x86_64-conda-linux-gnu/sysroot/lib]
    arg [-L/opt/anaconda3/bin/../x86_64-conda-linux-gnu/sysroot/usr/lib] ==> dir [/opt/anaconda3/bin/../x86_64-conda-linux-gnu/sysroot/usr/lib]
    arg [-rpath] ==> ignore
    arg [/opt/anaconda3/lib] ==> ignore
    arg [-O2] ==> ignore
    arg [--sort-common] ==> ignore
    arg [--as-needed] ==> ignore
    arg [-zrelro] ==> ignore
    arg [-znow] ==> ignore
    arg [--disable-new-dtags] ==> ignore
    arg [--gc-sections] ==> ignore
    arg [-rpath] ==> ignore
    arg [/opt/anaconda3/lib] ==> ignore
    arg [-rpath-link] ==> ignore
    arg [/opt/anaconda3/lib] ==> ignore
    arg [CMakeFiles/cmTC_643bb.dir/CMakeCCompilerABI.c.o] ==> ignore
    arg [-lgcc] ==> lib [gcc]
    arg [--push-state] ==> ignore
    arg [--as-needed] ==> ignore
    arg [-lgcc_s] ==> lib [gcc_s]
    arg [--pop-state] ==> ignore
    arg [-lc] ==> lib [c]
    arg [-lgcc] ==> lib [gcc]
    arg [--push-state] ==> ignore
    arg [--as-needed] ==> ignore
    arg [-lgcc_s] ==> lib [gcc_s]
    arg [--pop-state] ==> ignore
    arg [/opt/anaconda3/bin/../lib/gcc/x86_64-conda-linux-gnu/9.3.0/crtendS.o] ==> obj [/opt/anaconda3/bin/../lib/gcc/x86_64-conda-linux-gnu/9.3.0/crtendS.o]
    arg [/opt/anaconda3/bin/../x86_64-conda-linux-gnu/sysroot/usr/lib/../lib/crtn.o] ==> obj [/opt/anaconda3/bin/../x86_64-conda-linux-gnu/sysroot/usr/lib/../lib/crtn.o]
  collapse obj [/opt/anaconda3/bin/../x86_64-conda-linux-gnu/sysroot/usr/lib/../lib/Scrt1.o] ==> [/opt/anaconda3/x86_64-conda-linux-gnu/sysroot/usr/lib/Scrt1.o]
  collapse obj [/opt/anaconda3/bin/../x86_64-conda-linux-gnu/sysroot/usr/lib/../lib/crti.o] ==> [/opt/anaconda3/x86_64-conda-linux-gnu/sysroot/usr/lib/crti.o]
  collapse obj [/opt/anaconda3/bin/../lib/gcc/x86_64-conda-linux-gnu/9.3.0/crtbeginS.o] ==> [/opt/anaconda3/lib/gcc/x86_64-conda-linux-gnu/9.3.0/crtbeginS.o]
  collapse obj [/opt/anaconda3/bin/../lib/gcc/x86_64-conda-linux-gnu/9.3.0/crtendS.o] ==> [/opt/anaconda3/lib/gcc/x86_64-conda-linux-gnu/9.3.0/crtendS.o]
  collapse obj [/opt/anaconda3/bin/../x86_64-conda-linux-gnu/sysroot/usr/lib/../lib/crtn.o] ==> [/opt/anaconda3/x86_64-conda-linux-gnu/sysroot/usr/lib/crtn.o]
  collapse library dir [/opt/anaconda3/lib] ==> [/opt/anaconda3/lib]
  collapse library dir [/opt/anaconda3/bin/../lib/gcc/x86_64-conda-linux-gnu/9.3.0] ==> [/opt/anaconda3/lib/gcc/x86_64-conda-linux-gnu/9.3.0]
  collapse library dir [/opt/anaconda3/bin/../lib/gcc] ==> [/opt/anaconda3/lib/gcc]
  collapse library dir [/opt/anaconda3/bin/../lib/gcc/x86_64-conda-linux-gnu/9.3.0/../../../../x86_64-conda-linux-gnu/lib/../lib] ==> [/opt/anaconda3/x86_64-conda-linux-gnu/lib]
  collapse library dir [/opt/anaconda3/bin/../x86_64-conda-linux-gnu/sysroot/lib/../lib] ==> [/opt/anaconda3/x86_64-conda-linux-gnu/sysroot/lib]
  collapse library dir [/opt/anaconda3/bin/../x86_64-conda-linux-gnu/sysroot/usr/lib/../lib] ==> [/opt/anaconda3/x86_64-conda-linux-gnu/sysroot/usr/lib]
  collapse library dir [/opt/anaconda3/bin/../lib/gcc/x86_64-conda-linux-gnu/9.3.0/../../../../x86_64-conda-linux-gnu/lib] ==> [/opt/anaconda3/x86_64-conda-linux-gnu/lib]
  collapse library dir [/opt/anaconda3/bin/../x86_64-conda-linux-gnu/sysroot/lib] ==> [/opt/anaconda3/x86_64-conda-linux-gnu/sysroot/lib]
  collapse library dir [/opt/anaconda3/bin/../x86_64-conda-linux-gnu/sysroot/usr/lib] ==> [/opt/anaconda3/x86_64-conda-linux-gnu/sysroot/usr/lib]
  implicit libs: [gcc;gcc_s;c;gcc;gcc_s]
  implicit objs: [/opt/anaconda3/x86_64-conda-linux-gnu/sysroot/usr/lib/Scrt1.o;/opt/anaconda3/x86_64-conda-linux-gnu/sysroot/usr/lib/crti.o;/opt/anaconda3/lib/gcc/x86_64-conda-linux-gnu/9.3.0/crtbeginS.o;/opt/anaconda3/lib/gcc/x86_64-conda-linux-gnu/9.3.0/crtendS.o;/opt/anaconda3/x86_64-conda-linux-gnu/sysroot/usr/lib/crtn.o]
  implicit dirs: [/opt/anaconda3/lib;/opt/anaconda3/lib/gcc/x86_64-conda-linux-gnu/9.3.0;/opt/anaconda3/lib/gcc;/opt/anaconda3/x86_64-conda-linux-gnu/lib;/opt/anaconda3/x86_64-conda-linux-gnu/sysroot/lib;/opt/anaconda3/x86_64-conda-linux-gnu/sysroot/usr/lib]
  implicit fwks: []


Detecting CXX compiler ABI info compiled with the following output:
Change Dir: /home/team-10/split/CMakeFiles/CMakeTmp

Run Build Command(s):/usr/bin/gmake -f Makefile cmTC_a87a6/fast && /usr/bin/gmake  -f CMakeFiles/cmTC_a87a6.dir/build.make CMakeFiles/cmTC_a87a6.dir/build
gmake[1]: Entering directory '/home/team-10/split/CMakeFiles/CMakeTmp'
Building CXX object CMakeFiles/cmTC_a87a6.dir/CMakeCXXCompilerABI.cpp.o
/opt/anaconda3/bin/x86_64-conda-linux-gnu-c++   -fvisibility-inlines-hidden -std=c++17 -fmessage-length=0 -march=nocona -mtune=haswell -ftree-vectorize -fPIC -fstack-protector-strong -fno-plt -O2 -ffunction-sections -pipe -isystem /opt/anaconda3/include    -v -o CMakeFiles/cmTC_a87a6.dir/CMakeCXXCompilerABI.cpp.o -c /usr/share/cmake/Modules/CMakeCXXCompilerABI.cpp
Reading specs from /opt/anaconda3/bin/../lib/gcc/x86_64-conda-linux-gnu/9.3.0/specs
COLLECT_GCC=/opt/anaconda3/bin/x86_64-conda-linux-gnu-c++
Target: x86_64-conda-linux-gnu
Configured with: /home/builder/ktietz/cos6/ci_cos6/ctng-compilers_1622658800915/work/.build/x86_64-conda-linux-gnu/src/gcc/configure --build=x86_64-build_pc-linux-gnu --host=x86_64-build_pc-linux-gnu --target=x86_64-conda-linux-gnu --prefix=/home/builder/ktietz/cos6/ci_cos6/ctng-compilers_1622658800915/work/gcc_built --with-sysroot=/home/builder/ktietz/cos6/ci_cos6/ctng-compilers_1622658800915/work/gcc_built/x86_64-conda-linux-gnu/sysroot --enable-languages=c,c++,fortran,objc,obj-c++ --with-pkgversion='crosstool-NG 1.24.0.133_b0863d8_dirty' --enable-__cxa_atexit --disable-libmudflap --enable-libgomp --disable-libssp --enable-libquadmath --enable-libquadmath-support --enable-libsanitizer --enable-libmpx --with-gmp=/home/builder/ktietz/cos6/ci_cos6/ctng-compilers_1622658800915/work/.build/x86_64-conda-linux-gnu/buildtools --with-mpfr=/home/builder/ktietz/cos6/ci_cos6/ctng-compilers_1622658800915/work/.build/x86_64-conda-linux-gnu/buildtools --with-mpc=/home/builder/ktietz/cos6/ci_cos6/ctng-compilers_1622658800915/work/.build/x86_64-conda-linux-gnu/buildtools --with-isl=/home/builder/ktietz/cos6/ci_cos6/ctng-compilers_1622658800915/work/.build/x86_64-conda-linux-gnu/buildtools --enable-lto --with-host-libstdcxx='-static-libgcc -Wl,-Bstatic,-lstdc++,-Bdynamic -lm' --enable-threads=posix --enable-target-optspace --enable-plugin --enable-gold --disable-nls --disable-multilib --with-local-prefix=/home/builder/ktietz/cos6/ci_cos6/ctng-compilers_1622658800915/work/gcc_built/x86_64-conda-linux-gnu/sysroot --enable-long-long --enable-default-pie
Thread model: posix
gcc version 9.3.0 (crosstool-NG 1.24.0.133_b0863d8_dirty) 
COLLECT_GCC_OPTIONS='-fvisibility-inlines-hidden' '-std=c++17' '-fmessage-length=0' '-march=nocona' '-mtune=haswell' '-ftree-vectorize' '-fPIC' '-fstack-protector-strong' '-fno-plt' '-O2' '-ffunction-sections' '-pipe' '-isystem' '/opt/anaconda3/include' '-v' '-o' 'CMakeFiles/cmTC_a87a6.dir/CMakeCXXCompilerABI.cpp.o' '-c' '-shared-libgcc'
 /opt/anaconda3/bin/../libexec/gcc/x86_64-conda-linux-gnu/9.3.0/cc1plus -quiet -v -iprefix /opt/anaconda3/bin/../lib/gcc/x86_64-conda-linux-gnu/9.3.0/ -isysroot /opt/anaconda3/bin/../x86_64-conda-linux-gnu/sysroot -D_GNU_SOURCE -isystem /opt/anaconda3/include /usr/share/cmake/Modules/CMakeCXXCompilerABI.cpp -quiet -dumpbase CMakeCXXCompilerABI.cpp -march=nocona -mtune=haswell -auxbase-strip CMakeFiles/cmTC_a87a6.dir/CMakeCXXCompilerABI.cpp.o -O2 -std=c++17 -version -fvisibility-inlines-hidden -fmessage-length=0 -ftree-vectorize -fPIC -fstack-protector-strong -fno-plt -ffunction-sections -o - |
 /opt/anaconda3/bin/../lib/gcc/x86_64-conda-linux-gnu/9.3.0/../../../../x86_64-conda-linux-gnu/bin/as -v --64 -o CMakeFiles/cmTC_a87a6.dir/CMakeCXXCompilerABI.cpp.o
GNU assembler version 2.35.1 (x86_64-conda-linux-gnu) using BFD version (GNU Binutils) 2.35.1
GNU C++17 (crosstool-NG 1.24.0.133_b0863d8_dirty) version 9.3.0 (x86_64-conda-linux-gnu)
	compiled by GNU C version 5.4.0 20160609, GMP version 6.2.0, MPFR version 4.0.2, MPC version 1.1.0, isl version isl-0.22-GMP

GGC heuristics: --param ggc-min-expand=100 --param ggc-min-heapsize=131072
ignoring duplicate directory "/opt/anaconda3/bin/../lib/gcc/../../lib/gcc/x86_64-conda-linux-gnu/9.3.0/../../../../x86_64-conda-linux-gnu/include/c++/9.3.0"
ignoring duplicate directory "/opt/anaconda3/bin/../lib/gcc/../../lib/gcc/x86_64-conda-linux-gnu/9.3.0/../../../../x86_64-conda-linux-gnu/include/c++/9.3.0/x86_64-conda-linux-gnu"
ignoring duplicate directory "/opt/anaconda3/bin/../lib/gcc/../../lib/gcc/x86_64-conda-linux-gnu/9.3.0/../../../../x86_64-conda-linux-gnu/include/c++/9.3.0/backward"
ignoring duplicate directory "/opt/anaconda3/bin/../lib/gcc/../../lib/gcc/x86_64-conda-linux-gnu/9.3.0/include"
ignoring nonexistent directory "/opt/anaconda3/bin/../x86_64-conda-linux-gnu/sysroot/home/builder/ktietz/cos6/ci_cos6/ctng-compilers_1622658800915/work/gcc_built/x86_64-conda-linux-gnu/sysroot/include"
ignoring duplicate directory "/opt/anaconda3/bin/../lib/gcc/../../lib/gcc/x86_64-conda-linux-gnu/9.3.0/include-fixed"
ignoring duplicate directory "/opt/anaconda3/bin/../lib/gcc/../../lib/gcc/x86_64-conda-linux-gnu/9.3.0/../../../../x86_64-conda-linux-gnu/include"
#include "..." search starts here:
#include <...> search starts here:
 /opt/anaconda3/include
 /opt/anaconda3/bin/../lib/gcc/x86_64-conda-linux-gnu/9.3.0/../../../../x86_64-conda-linux-gnu/include/c++/9.3.0
 /opt/anaconda3/bin/../lib/gcc/x86_64-conda-linux-gnu/9.3.0/../../../../x86_64-conda-linux-gnu/include/c++/9.3.0/x86_64-conda-linux-gnu
 /opt/anaconda3/bin/../lib/gcc/x86_64-conda-linux-gnu/9.3.0/../../../../x86_64-conda-linux-gnu/include/c++/9.3.0/backward
 /opt/anaconda3/bin/../lib/gcc/x86_64-conda-linux-gnu/9.3.0/include
 /opt/anaconda3/bin/../lib/gcc/x86_64-conda-linux-gnu/9.3.0/include-fixed
 /opt/anaconda3/bin/../lib/gcc/x86_64-conda-linux-gnu/9.3.0/../../../../x86_64-conda-linux-gnu/include
 /opt/anaconda3/bin/../x86_64-conda-linux-gnu/sysroot/usr/include
End of search list.
GNU C++17 (crosstool-NG 1.24.0.133_b0863d8_dirty) version 9.3.0 (x86_64-conda-linux-gnu)
	compiled by GNU C version 5.4.0 20160609, GMP version 6.2.0, MPFR version 4.0.2, MPC version 1.1.0, isl version isl-0.22-GMP

GGC heuristics: --param ggc-min-expand=100 --param ggc-min-heapsize=131072
Compiler executable checksum: 88eacfae89185f0c1ade0dfe70b1a39d
COMPILER_PATH=/opt/anaconda3/bin/../libexec/gcc/x86_64-conda-linux-gnu/9.3.0/:/opt/anaconda3/bin/../libexec/gcc/:/opt/anaconda3/bin/../lib/gcc/x86_64-conda-linux-gnu/9.3.0/../../../../x86_64-conda-linux-gnu/bin/
LIBRARY_PATH=/opt/anaconda3/bin/../lib/gcc/x86_64-conda-linux-gnu/9.3.0/:/opt/anaconda3/bin/../lib/gcc/:/opt/anaconda3/bin/../lib/gcc/x86_64-conda-linux-gnu/9.3.0/../../../../x86_64-conda-linux-gnu/lib/../lib/:/opt/anaconda3/bin/../x86_64-conda-linux-gnu/sysroot/lib/../lib/:/opt/anaconda3/bin/../x86_64-conda-linux-gnu/sysroot/usr/lib/../lib/:/opt/anaconda3/bin/../lib/gcc/x86_64-conda-linux-gnu/9.3.0/../../../../x86_64-conda-linux-gnu/lib/:/opt/anaconda3/bin/../x86_64-conda-linux-gnu/sysroot/lib/:/opt/anaconda3/bin/../x86_64-conda-linux-gnu/sysroot/usr/lib/
COLLECT_GCC_OPTIONS='-fvisibility-inlines-hidden' '-std=c++17' '-fmessage-length=0' '-march=nocona' '-mtune=haswell' '-ftree-vectorize' '-fPIC' '-fstack-protector-strong' '-fno-plt' '-O2' '-ffunction-sections' '-pipe' '-isystem' '/opt/anaconda3/include' '-v' '-o' 'CMakeFiles/cmTC_a87a6.dir/CMakeCXXCompilerABI.cpp.o' '-c' '-shared-libgcc'
Linking CXX executable cmTC_a87a6
/usr/bin/cmake -E cmake_link_script CMakeFiles/cmTC_a87a6.dir/link.txt --verbose=1
/opt/anaconda3/bin/x86_64-conda-linux-gnu-c++ -fvisibility-inlines-hidden -std=c++17 -fmessage-length=0 -march=nocona -mtune=haswell -ftree-vectorize -fPIC -fstack-protector-strong -fno-plt -O2 -ffunction-sections -pipe -isystem /opt/anaconda3/include  -Wl,-O2 -Wl,--sort-common -Wl,--as-needed -Wl,-z,relro -Wl,-z,now -Wl,--disable-new-dtags -Wl,--gc-sections -Wl,-rpath,/opt/anaconda3/lib -Wl,-rpath-link,/opt/anaconda3/lib -L/opt/anaconda3/lib -v -rdynamic CMakeFiles/cmTC_a87a6.dir/CMakeCXXCompilerABI.cpp.o -o cmTC_a87a6 
Reading specs from /opt/anaconda3/bin/../lib/gcc/x86_64-conda-linux-gnu/9.3.0/specs
COLLECT_GCC=/opt/anaconda3/bin/x86_64-conda-linux-gnu-c++
COLLECT_LTO_WRAPPER=/opt/anaconda3/bin/../libexec/gcc/x86_64-conda-linux-gnu/9.3.0/lto-wrapper
Target: x86_64-conda-linux-gnu
Configured with: /home/builder/ktietz/cos6/ci_cos6/ctng-compilers_1622658800915/work/.build/x86_64-conda-linux-gnu/src/gcc/configure --build=x86_64-build_pc-linux-gnu --host=x86_64-build_pc-linux-gnu --target=x86_64-conda-linux-gnu --prefix=/home/builder/ktietz/cos6/ci_cos6/ctng-compilers_1622658800915/work/gcc_built --with-sysroot=/home/builder/ktietz/cos6/ci_cos6/ctng-compilers_1622658800915/work/gcc_built/x86_64-conda-linux-gnu/sysroot --enable-languages=c,c++,fortran,objc,obj-c++ --with-pkgversion='crosstool-NG 1.24.0.133_b0863d8_dirty' --enable-__cxa_atexit --disable-libmudflap --enable-libgomp --disable-libssp --enable-libquadmath --enable-libquadmath-support --enable-libsanitizer --enable-libmpx --with-gmp=/home/builder/ktietz/cos6/ci_cos6/ctng-compilers_1622658800915/work/.build/x86_64-conda-linux-gnu/buildtools --with-mpfr=/home/builder/ktietz/cos6/ci_cos6/ctng-compilers_1622658800915/work/.build/x86_64-conda-linux-gnu/buildtools --with-mpc=/home/builder/ktietz/cos6/ci_cos6/ctng-compilers_1622658800915/work/.build/x86_64-conda-linux-gnu/buildtools --with-isl=/home/builder/ktietz/cos6/ci_cos6/ctng-compilers_1622658800915/work/.build/x86_64-conda-linux-gnu/buildtools --enable-lto --with-host-libstdcxx='-static-libgcc -Wl,-Bstatic,-lstdc++,-Bdynamic -lm' --enable-threads=posix --enable-target-optspace --enable-plugin --enable-gold --disable-nls --disable-multilib --with-local-prefix=/home/builder/ktietz/cos6/ci_cos6/ctng-compilers_1622658800915/work/gcc_built/x86_64-conda-linux-gnu/sysroot --enable-long-long --enable-default-pie
Thread model: posix
gcc version 9.3.0 (crosstool-NG 1.24.0.133_b0863d8_dirty) 
COMPILER_PATH=/opt/anaconda3/bin/../libexec/gcc/x86_64-conda-linux-gnu/9.3.0/:/opt/anaconda3/bin/../libexec/gcc/:/opt/anaconda3/bin/../lib/gcc/x86_64-conda-linux-gnu/9.3.0/../../../../x86_64-conda-linux-gnu/bin/
LIBRARY_PATH=/opt/anaconda3/bin/../lib/gcc/x86_64-conda-linux-gnu/9.3.0/:/opt/anaconda3/bin/../lib/gcc/:/opt/anaconda3/bin/../lib/gcc/x86_64-conda-linux-gnu/9.3.0/../../../../x86_64-conda-linux-gnu/lib/../lib/:/opt/anaconda3/bin/../x86_64-conda-linux-gnu/sysroot/lib/../lib/:/opt/anaconda3/bin/../x86_64-conda-linux-gnu/sysroot/usr/lib/../lib/:/opt/anaconda3/bin/../lib/gcc/x86_64-conda-linux-gnu/9.3.0/../../../../x86_64-conda-linux-gnu/lib/:/opt/anaconda3/bin/../x86_64-conda-linux-gnu/sysroot/lib/:/opt/anaconda3/bin/../x86_64-conda-linux-gnu/sysroot/usr/lib/
COLLECT_GCC_OPTIONS='-fvisibility-inlines-hidden' '-std=c++17' '-fmessage-length=0' '-march=nocona' '-mtune=haswell' '-ftree-vectorize' '-fPIC' '-fstack-protector-strong' '-fno-plt' '-O2' '-ffunction-sections' '-pipe' '-isystem' '/opt/anaconda3/include' '-L/opt/anaconda3/lib' '-v' '-rdynamic' '-o' 'cmTC_a87a6' '-shared-libgcc'
 /opt/anaconda3/bin/../libexec/gcc/x86_64-conda-linux-gnu/9.3.0/collect2 -plugin /opt/anaconda3/bin/../libexec/gcc/x86_64-conda-linux-gnu/9.3.0/liblto_plugin.so -plugin-opt=/opt/anaconda3/bin/../libexec/gcc/x86_64-conda-linux-gnu/9.3.0/lto-wrapper -plugin-opt=-fresolution=/tmp/cc8IY1OD.res -plugin-opt=-pass-through=-lgcc_s -plugin-opt=-pass-through=-lgcc -plugin-opt=-pass-through=-lc -plugin-opt=-pass-through=-lgcc_s -plugin-opt=-pass-through=-lgcc --sysroot=/opt/anaconda3/bin/../x86_64-conda-linux-gnu/sysroot --eh-frame-hdr -m elf_x86_64 -export-dynamic -dynamic-linker /lib64/ld-linux-x86-64.so.2 -pie -o cmTC_a87a6 /opt/anaconda3/bin/../x86_64-conda-linux-gnu/sysroot/usr/lib/../lib/Scrt1.o /opt/anaconda3/bin/../x86_64-conda-linux-gnu/sysroot/usr/lib/../lib/crti.o /opt/anaconda3/bin/../lib/gcc/x86_64-conda-linux-gnu/9.3.0/crtbeginS.o -L/opt/anaconda3/lib -L/opt/anaconda3/bin/../lib/gcc/x86_64-conda-linux-gnu/9.3.0 -L/opt/anaconda3/bin/../lib/gcc -L/opt/anaconda3/bin/../lib/gcc/x86_64-conda-linux-gnu/9.3.0/../../../../x86_64-conda-linux-gnu/lib/../lib -L/opt/anaconda3/bin/../x86_64-conda-linux-gnu/sysroot/lib/../lib -L/opt/anaconda3/bin/../x86_64-conda-linux-gnu/sysroot/usr/lib/../lib -L/opt/anaconda3/bin/../lib/gcc/x86_64-conda-linux-gnu/9.3.0/../../../../x86_64-conda-linux-gnu/lib -L/opt/anaconda3/bin/../x86_64-conda-linux-gnu/sysroot/lib -L/opt/anaconda3/bin/../x86_64-conda-linux-gnu/sysroot/usr/lib -rpath /opt/anaconda3/lib -O2 --sort-common --as-needed -z relro -z now --disable-new-dtags --gc-sections -rpath /opt/anaconda3/lib -rpath-link /opt/anaconda3/lib CMakeFiles/cmTC_a87a6.dir/CMakeCXXCompilerABI.cpp.o -lstdc++ -lm -lgcc_s -lgcc -lc -lgcc_s -lgcc /opt/anaconda3/bin/../lib/gcc/x86_64-conda-linux-gnu/9.3.0/crtendS.o /opt/anaconda3/bin/../x86_64-conda-linux-gnu/sysroot/usr/lib/../lib/crtn.o
COLLECT_GCC_OPTIONS='-fvisibility-inlines-hidden' '-std=c++17' '-fmessage-length=0' '-march=nocona' '-mtune=haswell' '-ftree-vectorize' '-fPIC' '-fstack-protector-strong' '-fno-plt' '-O2' '-ffunction-sections' '-pipe' '-isystem' '/opt/anaconda3/include' '-L/opt/anaconda3/lib' '-v' '-rdynamic' '-o' 'cmTC_a87a6' '-shared-libgcc'
gmake[1]: Leaving directory '/home/team-10/split/CMakeFiles/CMakeTmp'



Parsed CXX implicit include dir info from above output: rv=done
  found start of include info
  found start of implicit include info
    add: [/opt/anaconda3/include]
    add: [/opt/anaconda3/bin/../lib/gcc/x86_64-conda-linux-gnu/9.3.0/../../../../x86_64-conda-linux-gnu/include/c++/9.3.0]
    add: [/opt/anaconda3/bin/../lib/gcc/x86_64-conda-linux-gnu/9.3.0/../../../../x86_64-conda-linux-gnu/include/c++/9.3.0/x86_64-conda-linux-gnu]
    add: [/opt/anaconda3/bin/../lib/gcc/x86_64-conda-linux-gnu/9.3.0/../../../../x86_64-conda-linux-gnu/include/c++/9.3.0/backward]
    add: [/opt/anaconda3/bin/../lib/gcc/x86_64-conda-linux-gnu/9.3.0/include]
    add: [/opt/anaconda3/bin/../lib/gcc/x86_64-conda-linux-gnu/9.3.0/include-fixed]
    add: [/opt/anaconda3/bin/../lib/gcc/x86_64-conda-linux-gnu/9.3.0/../../../../x86_64-conda-linux-gnu/include]
    add: [/opt/anaconda3/bin/../x86_64-conda-linux-gnu/sysroot/usr/include]
  end of search list found
  collapse include dir [/opt/anaconda3/include] ==> [/opt/anaconda3/include]
  collapse include dir [/opt/anaconda3/bin/../lib/gcc/x86_64-conda-linux-gnu/9.3.0/../../../../x86_64-conda-linux-gnu/include/c++/9.3.0] ==> [/opt/anaconda3/x86_64-conda-linux-gnu/include/c++/9.3.0]
  collapse include dir [/opt/anaconda3/bin/../lib/gcc/x86_64-conda-linux-gnu/9.3.0/../../../../x86_64-conda-linux-gnu/include/c++/9.3.0/x86_64-conda-linux-gnu] ==> [/opt/anaconda3/x86_64-conda-linux-gnu/include/c++/9.3.0/x86_64-conda-linux-gnu]
  collapse include dir [/opt/anaconda3/bin/../lib/gcc/x86_64-conda-linux-gnu/9.3.0/../../../../x86_64-conda-linux-gnu/include/c++/9.3.0/backward] ==> [/opt/anaconda3/x86_64-conda-linux-gnu/include/c++/9.3.0/backward]
  collapse include dir [/opt/anaconda3/bin/../lib/gcc/x86_64-conda-linux-gnu/9.3.0/include] ==> [/opt/anaconda3/lib/gcc/x86_64-conda-linux-gnu/9.3.0/include]
  collapse include dir [/opt/anaconda3/bin/../lib/gcc/x86_64-conda-linux-gnu/9.3.0/include-fixed] ==> [/opt/anaconda3/lib/gcc/x86_64-conda-linux-gnu/9.3.0/include-fixed]
  collapse include dir [/opt/anaconda3/bin/../lib/gcc/x86_64-conda-linux-gnu/9.3.0/../../../../x86_64-conda-linux-gnu/include] ==> [/opt/anaconda3/x86_64-conda-linux-gnu/include]
  collapse include dir [/opt/anaconda3/bin/../x86_64-conda-linux-gnu/sysroot/usr/include] ==> [/opt/anaconda3/x86_64-conda-linux-gnu/sysroot/usr/include]
  implicit include dirs: [/opt/anaconda3/include;/opt/anaconda3/x86_64-conda-linux-gnu/include/c++/9.3.0;/opt/anaconda3/x86_64-conda-linux-gnu/include/c++/9.3.0/x86_64-conda-linux-gnu;/opt/anaconda3/x86_64-conda-linux-gnu/include/c++/9.3.0/backward;/opt/anaconda3/lib/gcc/x86_64-conda-linux-gnu/9.3.0/include;/opt/anaconda3/lib/gcc/x86_64-conda-linux-gnu/9.3.0/include-fixed;/opt/anaconda3/x86_64-conda-linux-gnu/include;/opt/anaconda3/x86_64-conda-linux-gnu/sysroot/usr/include]


Parsed CXX implicit link information from above output:
  link line regex: [^( *|.*[/\])(x86_64-conda-linux-gnu-ld|CMAKE_LINK_STARTFILE-NOTFOUND|([^/\]+-)?ld|collect2)[^/\]*( |$)]
  ignore line: [Change Dir: /home/team-10/split/CMakeFiles/CMakeTmp]
  ignore line: []
  ignore line: [Run Build Command(s):/usr/bin/gmake -f Makefile cmTC_a87a6/fast && /usr/bin/gmake  -f CMakeFiles/cmTC_a87a6.dir/build.make CMakeFiles/cmTC_a87a6.dir/build]
  ignore line: [gmake[1]: Entering directory '/home/team-10/split/CMakeFiles/CMakeTmp']
  ignore line: [Building CXX object CMakeFiles/cmTC_a87a6.dir/CMakeCXXCompilerABI.cpp.o]
  ignore line: [/opt/anaconda3/bin/x86_64-conda-linux-gnu-c++   -fvisibility-inlines-hidden -std=c++17 -fmessage-length=0 -march=nocona -mtune=haswell -ftree-vectorize -fPIC -fstack-protector-strong -fno-plt -O2 -ffunction-sections -pipe -isystem /opt/anaconda3/include    -v -o CMakeFiles/cmTC_a87a6.dir/CMakeCXXCompilerABI.cpp.o -c /usr/share/cmake/Modules/CMakeCXXCompilerABI.cpp]
  ignore line: [Reading specs from /opt/anaconda3/bin/../lib/gcc/x86_64-conda-linux-gnu/9.3.0/specs]
  ignore line: [COLLECT_GCC=/opt/anaconda3/bin/x86_64-conda-linux-gnu-c++]
  ignore line: [Target: x86_64-conda-linux-gnu]
  ignore line: [Configured with: /home/builder/ktietz/cos6/ci_cos6/ctng-compilers_1622658800915/work/.build/x86_64-conda-linux-gnu/src/gcc/configure --build=x86_64-build_pc-linux-gnu --host=x86_64-build_pc-linux-gnu --target=x86_64-conda-linux-gnu --prefix=/home/builder/ktietz/cos6/ci_cos6/ctng-compilers_1622658800915/work/gcc_built --with-sysroot=/home/builder/ktietz/cos6/ci_cos6/ctng-compilers_1622658800915/work/gcc_built/x86_64-conda-linux-gnu/sysroot --enable-languages=c c++ fortran objc obj-c++ --with-pkgversion='crosstool-NG 1.24.0.133_b0863d8_dirty' --enable-__cxa_atexit --disable-libmudflap --enable-libgomp --disable-libssp --enable-libquadmath --enable-libquadmath-support --enable-libsanitizer --enable-libmpx --with-gmp=/home/builder/ktietz/cos6/ci_cos6/ctng-compilers_1622658800915/work/.build/x86_64-conda-linux-gnu/buildtools --with-mpfr=/home/builder/ktietz/cos6/ci_cos6/ctng-compilers_1622658800915/work/.build/x86_64-conda-linux-gnu/buildtools --with-mpc=/home/builder/ktietz/cos6/ci_cos6/ctng-compilers_1622658800915/work/.build/x86_64-conda-linux-gnu/buildtools --with-isl=/home/builder/ktietz/cos6/ci_cos6/ctng-compilers_1622658800915/work/.build/x86_64-conda-linux-gnu/buildtools --enable-lto --with-host-libstdcxx='-static-libgcc -Wl -Bstatic -lstdc++ -Bdynamic -lm' --enable-threads=posix --enable-target-optspace --enable-plugin --enable-gold --disable-nls --disable-multilib --with-local-prefix=/home/builder/ktietz/cos6/ci_cos6/ctng-compilers_1622658800915/work/gcc_built/x86_64-conda-linux-gnu/sysroot --enable-long-long --enable-default-pie]
  ignore line: [Thread model: posix]
  ignore line: [gcc version 9.3.0 (crosstool-NG 1.24.0.133_b0863d8_dirty) ]
  ignore line: [COLLECT_GCC_OPTIONS='-fvisibility-inlines-hidden' '-std=c++17' '-fmessage-length=0' '-march=nocona' '-mtune=haswell' '-ftree-vectorize' '-fPIC' '-fstack-protector-strong' '-fno-plt' '-O2' '-ffunction-sections' '-pipe' '-isystem' '/opt/anaconda3/include' '-v' '-o' 'CMakeFiles/cmTC_a87a6.dir/CMakeCXXCompilerABI.cpp.o' '-c' '-shared-libgcc']
  ignore line: [ /opt/anaconda3/bin/../libexec/gcc/x86_64-conda-linux-gnu/9.3.0/cc1plus -quiet -v -iprefix /opt/anaconda3/bin/../lib/gcc/x86_64-conda-linux-gnu/9.3.0/ -isysroot /opt/anaconda3/bin/../x86_64-conda-linux-gnu/sysroot -D_GNU_SOURCE -isystem /opt/anaconda3/include /usr/share/cmake/Modules/CMakeCXXCompilerABI.cpp -quiet -dumpbase CMakeCXXCompilerABI.cpp -march=nocona -mtune=haswell -auxbase-strip CMakeFiles/cmTC_a87a6.dir/CMakeCXXCompilerABI.cpp.o -O2 -std=c++17 -version -fvisibility-inlines-hidden -fmessage-length=0 -ftree-vectorize -fPIC -fstack-protector-strong -fno-plt -ffunction-sections -o - |]
  ignore line: [ /opt/anaconda3/bin/../lib/gcc/x86_64-conda-linux-gnu/9.3.0/../../../../x86_64-conda-linux-gnu/bin/as -v --64 -o CMakeFiles/cmTC_a87a6.dir/CMakeCXXCompilerABI.cpp.o]
  ignore line: [GNU assembler version 2.35.1 (x86_64-conda-linux-gnu) using BFD version (GNU Binutils) 2.35.1]
  ignore line: [GNU C++17 (crosstool-NG 1.24.0.133_b0863d8_dirty) version 9.3.0 (x86_64-conda-linux-gnu)]
  ignore line: [	compiled by GNU C version 5.4.0 20160609  GMP version 6.2.0  MPFR version 4.0.2  MPC version 1.1.0  isl version isl-0.22-GMP]
  ignore line: []
  ignore line: [GGC heuristics: --param ggc-min-expand=100 --param ggc-min-heapsize=131072]
  ignore line: [ignoring duplicate directory "/opt/anaconda3/bin/../lib/gcc/../../lib/gcc/x86_64-conda-linux-gnu/9.3.0/../../../../x86_64-conda-linux-gnu/include/c++/9.3.0"]
  ignore line: [ignoring duplicate directory "/opt/anaconda3/bin/../lib/gcc/../../lib/gcc/x86_64-conda-linux-gnu/9.3.0/../../../../x86_64-conda-linux-gnu/include/c++/9.3.0/x86_64-conda-linux-gnu"]
  ignore line: [ignoring duplicate directory "/opt/anaconda3/bin/../lib/gcc/../../lib/gcc/x86_64-conda-linux-gnu/9.3.0/../../../../x86_64-conda-linux-gnu/include/c++/9.3.0/backward"]
  ignore line: [ignoring duplicate directory "/opt/anaconda3/bin/../lib/gcc/../../lib/gcc/x86_64-conda-linux-gnu/9.3.0/include"]
  ignore line: [ignoring nonexistent directory "/opt/anaconda3/bin/../x86_64-conda-linux-gnu/sysroot/home/builder/ktietz/cos6/ci_cos6/ctng-compilers_1622658800915/work/gcc_built/x86_64-conda-linux-gnu/sysroot/include"]
  ignore line: [ignoring duplicate directory "/opt/anaconda3/bin/../lib/gcc/../../lib/gcc/x86_64-conda-linux-gnu/9.3.0/include-fixed"]
  ignore line: [ignoring duplicate directory "/opt/anaconda3/bin/../lib/gcc/../../lib/gcc/x86_64-conda-linux-gnu/9.3.0/../../../../x86_64-conda-linux-gnu/include"]
  ignore line: [#include "..." search starts here:]
  ignore line: [#include <...> search starts here:]
  ignore line: [ /opt/anaconda3/include]
  ignore line: [ /opt/anaconda3/bin/../lib/gcc/x86_64-conda-linux-gnu/9.3.0/../../../../x86_64-conda-linux-gnu/include/c++/9.3.0]
  ignore line: [ /opt/anaconda3/bin/../lib/gcc/x86_64-conda-linux-gnu/9.3.0/../../../../x86_64-conda-linux-gnu/include/c++/9.3.0/x86_64-conda-linux-gnu]
  ignore line: [ /opt/anaconda3/bin/../lib/gcc/x86_64-conda-linux-gnu/9.3.0/../../../../x86_64-conda-linux-gnu/include/c++/9.3.0/backward]
  ignore line: [ /opt/anaconda3/bin/../lib/gcc/x86_64-conda-linux-gnu/9.3.0/include]
  ignore line: [ /opt/anaconda3/bin/../lib/gcc/x86_64-conda-linux-gnu/9.3.0/include-fixed]
  ignore line: [ /opt/anaconda3/bin/../lib/gcc/x86_64-conda-linux-gnu/9.3.0/../../../../x86_64-conda-linux-gnu/include]
  ignore line: [ /opt/anaconda3/bin/../x86_64-conda-linux-gnu/sysroot/usr/include]
  ignore line: [End of search list.]
  ignore line: [GNU C++17 (crosstool-NG 1.24.0.133_b0863d8_dirty) version 9.3.0 (x86_64-conda-linux-gnu)]
  ignore line: [	compiled by GNU C version 5.4.0 20160609  GMP version 6.2.0  MPFR version 4.0.2  MPC version 1.1.0  isl version isl-0.22-GMP]
  ignore line: []
  ignore line: [GGC heuristics: --param ggc-min-expand=100 --param ggc-min-heapsize=131072]
  ignore line: [Compiler executable checksum: 88eacfae89185f0c1ade0dfe70b1a39d]
  ignore line: [COMPILER_PATH=/opt/anaconda3/bin/../libexec/gcc/x86_64-conda-linux-gnu/9.3.0/:/opt/anaconda3/bin/../libexec/gcc/:/opt/anaconda3/bin/../lib/gcc/x86_64-conda-linux-gnu/9.3.0/../../../../x86_64-conda-linux-gnu/bin/]
  ignore line: [LIBRARY_PATH=/opt/anaconda3/bin/../lib/gcc/x86_64-conda-linux-gnu/9.3.0/:/opt/anaconda3/bin/../lib/gcc/:/opt/anaconda3/bin/../lib/gcc/x86_64-conda-linux-gnu/9.3.0/../../../../x86_64-conda-linux-gnu/lib/../lib/:/opt/anaconda3/bin/../x86_64-conda-linux-gnu/sysroot/lib/../lib/:/opt/anaconda3/bin/../x86_64-conda-linux-gnu/sysroot/usr/lib/../lib/:/opt/anaconda3/bin/../lib/gcc/x86_64-conda-linux-gnu/9.3.0/../../../../x86_64-conda-linux-gnu/lib/:/opt/anaconda3/bin/../x86_64-conda-linux-gnu/sysroot/lib/:/opt/anaconda3/bin/../x86_64-conda-linux-gnu/sysroot/usr/lib/]
  ignore line: [COLLECT_GCC_OPTIONS='-fvisibility-inlines-hidden' '-std=c++17' '-fmessage-length=0' '-march=nocona' '-mtune=haswell' '-ftree-vectorize' '-fPIC' '-fstack-protector-strong' '-fno-plt' '-O2' '-ffunction-sections' '-pipe' '-isystem' '/opt/anaconda3/include' '-v' '-o' 'CMakeFiles/cmTC_a87a6.dir/CMakeCXXCompilerABI.cpp.o' '-c' '-shared-libgcc']
  ignore line: [Linking CXX executable cmTC_a87a6]
  ignore line: [/usr/bin/cmake -E cmake_link_script CMakeFiles/cmTC_a87a6.dir/link.txt --verbose=1]
  ignore line: [/opt/anaconda3/bin/x86_64-conda-linux-gnu-c++ -fvisibility-inlines-hidden -std=c++17 -fmessage-length=0 -march=nocona -mtune=haswell -ftree-vectorize -fPIC -fstack-protector-strong -fno-plt -O2 -ffunction-sections -pipe -isystem /opt/anaconda3/include  -Wl -O2 -Wl --sort-common -Wl --as-needed -Wl -z relro -Wl -z now -Wl --disable-new-dtags -Wl --gc-sections -Wl -rpath /opt/anaconda3/lib -Wl -rpath-link /opt/anaconda3/lib -L/opt/anaconda3/lib -v -rdynamic CMakeFiles/cmTC_a87a6.dir/CMakeCXXCompilerABI.cpp.o -o cmTC_a87a6 ]
  ignore line: [Reading specs from /opt/anaconda3/bin/../lib/gcc/x86_64-conda-linux-gnu/9.3.0/specs]
  ignore line: [COLLECT_GCC=/opt/anaconda3/bin/x86_64-conda-linux-gnu-c++]
  ignore line: [COLLECT_LTO_WRAPPER=/opt/anaconda3/bin/../libexec/gcc/x86_64-conda-linux-gnu/9.3.0/lto-wrapper]
  ignore line: [Target: x86_64-conda-linux-gnu]
  ignore line: [Configured with: /home/builder/ktietz/cos6/ci_cos6/ctng-compilers_1622658800915/work/.build/x86_64-conda-linux-gnu/src/gcc/configure --build=x86_64-build_pc-linux-gnu --host=x86_64-build_pc-linux-gnu --target=x86_64-conda-linux-gnu --prefix=/home/builder/ktietz/cos6/ci_cos6/ctng-compilers_1622658800915/work/gcc_built --with-sysroot=/home/builder/ktietz/cos6/ci_cos6/ctng-compilers_1622658800915/work/gcc_built/x86_64-conda-linux-gnu/sysroot --enable-languages=c c++ fortran objc obj-c++ --with-pkgversion='crosstool-NG 1.24.0.133_b0863d8_dirty' --enable-__cxa_atexit --disable-libmudflap --enable-libgomp --disable-libssp --enable-libquadmath --enable-libquadmath-support --enable-libsanitizer --enable-libmpx --with-gmp=/home/builder/ktietz/cos6/ci_cos6/ctng-compilers_1622658800915/work/.build/x86_64-conda-linux-gnu/buildtools --with-mpfr=/home/builder/ktietz/cos6/ci_cos6/ctng-compilers_1622658800915/work/.build/x86_64-conda-linux-gnu/buildtools --with-mpc=/home/builder/ktietz/cos6/ci_cos6/ctng-compilers_1622658800915/work/.build/x86_64-conda-linux-gnu/buildtools --with-isl=/home/builder/ktietz/cos6/ci_cos6/ctng-compilers_1622658800915/work/.build/x86_64-conda-linux-gnu/buildtools --enable-lto --with-host-libstdcxx='-static-libgcc -Wl -Bstatic -lstdc++ -Bdynamic -lm' --enable-threads=posix --enable-target-optspace --enable-plugin --enable-gold --disable-nls --disable-multilib --with-local-prefix=/home/builder/ktietz/cos6/ci_cos6/ctng-compilers_1622658800915/work/gcc_built/x86_64-conda-linux-gnu/sysroot --enable-long-long --enable-default-pie]
  ignore line: [Thread model: posix]
  ignore line: [gcc version 9.3.0 (crosstool-NG 1.24.0.133_b0863d8_dirty) ]
  ignore line: [COMPILER_PATH=/opt/anaconda3/bin/../libexec/gcc/x86_64-conda-linux-gnu/9.3.0/:/opt/anaconda3/bin/../libexec/gcc/:/opt/anaconda3/bin/../lib/gcc/x86_64-conda-linux-gnu/9.3.0/../../../../x86_64-conda-linux-gnu/bin/]
  ignore line: [LIBRARY_PATH=/opt/anaconda3/bin/../lib/gcc/x86_64-conda-linux-gnu/9.3.0/:/opt/anaconda3/bin/../lib/gcc/:/opt/anaconda3/bin/../lib/gcc/x86_64-conda-linux-gnu/9.3.0/../../../../x86_64-conda-linux-gnu/lib/../lib/:/opt/anaconda3/bin/../x86_64-conda-linux-gnu/sysroot/lib/../lib/:/opt/anaconda3/bin/../x86_64-conda-linux-gnu/sysroot/usr/lib/../lib/:/opt/anaconda3/bin/../lib/gcc/x86_64-conda-linux-gnu/9.3.0/../../../../x86_64-conda-linux-gnu/lib/:/opt/anaconda3/bin/../x86_64-conda-linux-gnu/sysroot/lib/:/opt/anaconda3/bin/../x86_64-conda-linux-gnu/sysroot/usr/lib/]
  ignore line: [COLLECT_GCC_OPTIONS='-fvisibility-inlines-hidden' '-std=c++17' '-fmessage-length=0' '-march=nocona' '-mtune=haswell' '-ftree-vectorize' '-fPIC' '-fstack-protector-strong' '-fno-plt' '-O2' '-ffunction-sections' '-pipe' '-isystem' '/opt/anaconda3/include' '-L/opt/anaconda3/lib' '-v' '-rdynamic' '-o' 'cmTC_a87a6' '-shared-libgcc']
  link line: [ /opt/anaconda3/bin/../libexec/gcc/x86_64-conda-linux-gnu/9.3.0/collect2 -plugin /opt/anaconda3/bin/../libexec/gcc/x86_64-conda-linux-gnu/9.3.0/liblto_plugin.so -plugin-opt=/opt/anaconda3/bin/../libexec/gcc/x86_64-conda-linux-gnu/9.3.0/lto-wrapper -plugin-opt=-fresolution=/tmp/cc8IY1OD.res -plugin-opt=-pass-through=-lgcc_s -plugin-opt=-pass-through=-lgcc -plugin-opt=-pass-through=-lc -plugin-opt=-pass-through=-lgcc_s -plugin-opt=-pass-through=-lgcc --sysroot=/opt/anaconda3/bin/../x86_64-conda-linux-gnu/sysroot --eh-frame-hdr -m elf_x86_64 -export-dynamic -dynamic-linker /lib64/ld-linux-x86-64.so.2 -pie -o cmTC_a87a6 /opt/anaconda3/bin/../x86_64-conda-linux-gnu/sysroot/usr/lib/../lib/Scrt1.o /opt/anaconda3/bin/../x86_64-conda-linux-gnu/sysroot/usr/lib/../lib/crti.o /opt/anaconda3/bin/../lib/gcc/x86_64-conda-linux-gnu/9.3.0/crtbeginS.o -L/opt/anaconda3/lib -L/opt/anaconda3/bin/../lib/gcc/x86_64-conda-linux-gnu/9.3.0 -L/opt/anaconda3/bin/../lib/gcc -L/opt/anaconda3/bin/../lib/gcc/x86_64-conda-linux-gnu/9.3.0/../../../../x86_64-conda-linux-gnu/lib/../lib -L/opt/anaconda3/bin/../x86_64-conda-linux-gnu/sysroot/lib/../lib -L/opt/anaconda3/bin/../x86_64-conda-linux-gnu/sysroot/usr/lib/../lib -L/opt/anaconda3/bin/../lib/gcc/x86_64-conda-linux-gnu/9.3.0/../../../../x86_64-conda-linux-gnu/lib -L/opt/anaconda3/bin/../x86_64-conda-linux-gnu/sysroot/lib -L/opt/anaconda3/bin/../x86_64-conda-linux-gnu/sysroot/usr/lib -rpath /opt/anaconda3/lib -O2 --sort-common --as-needed -z relro -z now --disable-new-dtags --gc-sections -rpath /opt/anaconda3/lib -rpath-link /opt/anaconda3/lib CMakeFiles/cmTC_a87a6.dir/CMakeCXXCompilerABI.cpp.o -lstdc++ -lm -lgcc_s -lgcc -lc -lgcc_s -lgcc /opt/anaconda3/bin/../lib/gcc/x86_64-conda-linux-gnu/9.3.0/crtendS.o /opt/anaconda3/bin/../x86_64-conda-linux-gnu/sysroot/usr/lib/../lib/crtn.o]
    arg [/opt/anaconda3/bin/../libexec/gcc/x86_64-conda-linux-gnu/9.3.0/collect2] ==> ignore
    arg [-plugin] ==> ignore
    arg [/opt/anaconda3/bin/../libexec/gcc/x86_64-conda-linux-gnu/9.3.0/liblto_plugin.so] ==> ignore
    arg [-plugin-opt=/opt/anaconda3/bin/../libexec/gcc/x86_64-conda-linux-gnu/9.3.0/lto-wrapper] ==> ignore
    arg [-plugin-opt=-fresolution=/tmp/cc8IY1OD.res] ==> ignore
    arg [-plugin-opt=-pass-through=-lgcc_s] ==> ignore
    arg [-plugin-opt=-pass-through=-lgcc] ==> ignore
    arg [-plugin-opt=-pass-through=-lc] ==> ignore
    arg [-plugin-opt=-pass-through=-lgcc_s] ==> ignore
    arg [-plugin-opt=-pass-through=-lgcc] ==> ignore
    arg [--sysroot=/opt/anaconda3/bin/../x86_64-conda-linux-gnu/sysroot] ==> ignore
    arg [--eh-frame-hdr] ==> ignore
    arg [-m] ==> ignore
    arg [elf_x86_64] ==> ignore
    arg [-export-dynamic] ==> ignore
    arg [-dynamic-linker] ==> ignore
    arg [/lib64/ld-linux-x86-64.so.2] ==> ignore
    arg [-pie] ==> ignore
    arg [-o] ==> ignore
    arg [cmTC_a87a6] ==> ignore
    arg [/opt/anaconda3/bin/../x86_64-conda-linux-gnu/sysroot/usr/lib/../lib/Scrt1.o] ==> obj [/opt/anaconda3/bin/../x86_64-conda-linux-gnu/sysroot/usr/lib/../lib/Scrt1.o]
    arg [/opt/anaconda3/bin/../x86_64-conda-linux-gnu/sysroot/usr/lib/../lib/crti.o] ==> obj [/opt/anaconda3/bin/../x86_64-conda-linux-gnu/sysroot/usr/lib/../lib/crti.o]
    arg [/opt/anaconda3/bin/../lib/gcc/x86_64-conda-linux-gnu/9.3.0/crtbeginS.o] ==> obj [/opt/anaconda3/bin/../lib/gcc/x86_64-conda-linux-gnu/9.3.0/crtbeginS.o]
    arg [-L/opt/anaconda3/lib] ==> dir [/opt/anaconda3/lib]
    arg [-L/opt/anaconda3/bin/../lib/gcc/x86_64-conda-linux-gnu/9.3.0] ==> dir [/opt/anaconda3/bin/../lib/gcc/x86_64-conda-linux-gnu/9.3.0]
    arg [-L/opt/anaconda3/bin/../lib/gcc] ==> dir [/opt/anaconda3/bin/../lib/gcc]
    arg [-L/opt/anaconda3/bin/../lib/gcc/x86_64-conda-linux-gnu/9.3.0/../../../../x86_64-conda-linux-gnu/lib/../lib] ==> dir [/opt/anaconda3/bin/../lib/gcc/x86_64-conda-linux-gnu/9.3.0/../../../../x86_64-conda-linux-gnu/lib/../lib]
    arg [-L/opt/anaconda3/bin/../x86_64-conda-linux-gnu/sysroot/lib/../lib] ==> dir [/opt/anaconda3/bin/../x86_64-conda-linux-gnu/sysroot/lib/../lib]
    arg [-L/opt/anaconda3/bin/../x86_64-conda-linux-gnu/sysroot/usr/lib/../lib] ==> dir [/opt/anaconda3/bin/../x86_64-conda-linux-gnu/sysroot/usr/lib/../lib]
    arg [-L/opt/anaconda3/bin/../lib/gcc/x86_64-conda-linux-gnu/9.3.0/../../../../x86_64-conda-linux-gnu/lib] ==> dir [/opt/anaconda3/bin/../lib/gcc/x86_64-conda-linux-gnu/9.3.0/../../../../x86_64-conda-linux-gnu/lib]
    arg [-L/opt/anaconda3/bin/../x86_64-conda-linux-gnu/sysroot/lib] ==> dir [/opt/anaconda3/bin/../x86_64-conda-linux-gnu/sysroot/lib]
    arg [-L/opt/anaconda3/bin/../x86_64-conda-linux-gnu/sysroot/usr/lib] ==> dir [/opt/anaconda3/bin/../x86_64-conda-linux-gnu/sysroot/usr/lib]
    arg [-rpath] ==> ignore
    arg [/opt/anaconda3/lib] ==> ignore
    arg [-O2] ==> ignore
    arg [--sort-common] ==> ignore
    arg [--as-needed] ==> ignore
    arg [-zrelro] ==> ignore
    arg [-znow] ==> ignore
    arg [--disable-new-dtags] ==> ignore
    arg [--gc-sections] ==> ignore
    arg [-rpath] ==> ignore
    arg [/opt/anaconda3/lib] ==> ignore
    arg [-rpath-link] ==> ignore
    arg [/opt/anaconda3/lib] ==> ignore
    arg [CMakeFiles/cmTC_a87a6.dir/CMakeCXXCompilerABI.cpp.o] ==> ignore
    arg [-lstdc++] ==> lib [stdc++]
    arg [-lm] ==> lib [m]
    arg [-lgcc_s] ==> lib [gcc_s]
    arg [-lgcc] ==> lib [gcc]
    arg [-lc] ==> lib [c]
    arg [-lgcc_s] ==> lib [gcc_s]
    arg [-lgcc] ==> lib [gcc]
    arg [/opt/anaconda3/bin/../lib/gcc/x86_64-conda-linux-gnu/9.3.0/crtendS.o] ==> obj [/opt/anaconda3/bin/../lib/gcc/x86_64-conda-linux-gnu/9.3.0/crtendS.o]
    arg [/opt/anaconda3/bin/../x86_64-conda-linux-gnu/sysroot/usr/lib/../lib/crtn.o] ==> obj [/opt/anaconda3/bin/../x86_64-conda-linux-gnu/sysroot/usr/lib/../lib/crtn.o]
  collapse obj [/opt/anaconda3/bin/../x86_64-conda-linux-gnu/sysroot/usr/lib/../lib/Scrt1.o] ==> [/opt/anaconda3/x86_64-conda-linux-gnu/sysroot/usr/lib/Scrt1.o]
  collapse obj [/opt/anaconda3/bin/../x86_64-conda-linux-gnu/sysroot/usr/lib/../lib/crti.o] ==> [/opt/anaconda3/x86_64-conda-linux-gnu/sysroot/usr/lib/crti.o]
  collapse obj [/opt/anaconda3/bin/../lib/gcc/x86_64-conda-linux-gnu/9.3.0/crtbeginS.o] ==> [/opt/anaconda3/lib/gcc/x86_64-conda-linux-gnu/9.3.0/crtbeginS.o]
  collapse obj [/opt/anaconda3/bin/../lib/gcc/x86_64-conda-linux-gnu/9.3.0/crtendS.o] ==> [/opt/anaconda3/lib/gcc/x86_64-conda-linux-gnu/9.3.0/crtendS.o]
  collapse obj [/opt/anaconda3/bin/../x86_64-conda-linux-gnu/sysroot/usr/lib/../lib/crtn.o] ==> [/opt/anaconda3/x86_64-conda-linux-gnu/sysroot/usr/lib/crtn.o]
  collapse library dir [/opt/anaconda3/lib] ==> [/opt/anaconda3/lib]
  collapse library dir [/opt/anaconda3/bin/../lib/gcc/x86_64-conda-linux-gnu/9.3.0] ==> [/opt/anaconda3/lib/gcc/x86_64-conda-linux-gnu/9.3.0]
  collapse library dir [/opt/anaconda3/bin/../lib/gcc] ==> [/opt/anaconda3/lib/gcc]
  collapse library dir [/opt/anaconda3/bin/../lib/gcc/x86_64-conda-linux-gnu/9.3.0/../../../../x86_64-conda-linux-gnu/lib/../lib] ==> [/opt/anaconda3/x86_64-conda-linux-gnu/lib]
  collapse library dir [/opt/anaconda3/bin/../x86_64-conda-linux-gnu/sysroot/lib/../lib] ==> [/opt/anaconda3/x86_64-conda-linux-gnu/sysroot/lib]
  collapse library dir [/opt/anaconda3/bin/../x86_64-conda-linux-gnu/sysroot/usr/lib/../lib] ==> [/opt/anaconda3/x86_64-conda-linux-gnu/sysroot/usr/lib]
  collapse library dir [/opt/anaconda3/bin/../lib/gcc/x86_64-conda-linux-gnu/9.3.0/../../../../x86_64-conda-linux-gnu/lib] ==> [/opt/anaconda3/x86_64-conda-linux-gnu/lib]
  collapse library dir [/opt/anaconda3/bin/../x86_64-conda-linux-gnu/sysroot/lib] ==> [/opt/anaconda3/x86_64-conda-linux-gnu/sysroot/lib]
  collapse library dir [/opt/anaconda3/bin/../x86_64-conda-linux-gnu/sysroot/usr/lib] ==> [/opt/anaconda3/x86_64-conda-linux-gnu/sysroot/usr/lib]
  implicit libs: [stdc++;m;gcc_s;gcc;c;gcc_s;gcc]
  implicit objs: [/opt/anaconda3/x86_64-conda-linux-gnu/sysroot/usr/lib/Scrt1.o;/opt/anaconda3/x86_64-conda-linux-gnu/sysroot/usr/lib/crti.o;/opt/anaconda3/lib/gcc/x86_64-conda-linux-gnu/9.3.0/crtbeginS.o;/opt/anaconda3/lib/gcc/x86_64-conda-linux-gnu/9.3.0/crtendS.o;/opt/anaconda3/x86_64-conda-linux-gnu/sysroot/usr/lib/crtn.o]
  implicit dirs: [/opt/anaconda3/lib;/opt/anaconda3/lib/gcc/x86_64-conda-linux-gnu/9.3.0;/opt/anaconda3/lib/gcc;/opt/anaconda3/x86_64-conda-linux-gnu/lib;/opt/anaconda3/x86_64-conda-linux-gnu/sysroot/lib;/opt/anaconda3/x86_64-conda-linux-gnu/sysroot/usr/lib]
  implicit fwks: []


